{"meta": {"format": 3, "version": "7.10.7", "timestamp": "2025-10-13T22:53:12.011670", "branch_coverage": false, "show_contexts": false}, "files": {"services\\__init__.py": {"executed_lines": [0], "summary": {"covered_lines": 0, "num_statements": 0, "percent_covered": 100.0, "percent_covered_display": "100", "missing_lines": 0, "excluded_lines": 0}, "missing_lines": [], "excluded_lines": [], "functions": {"": {"executed_lines": [], "summary": {"covered_lines": 0, "num_statements": 0, "percent_covered": 100.0, "percent_covered_display": "100", "missing_lines": 0, "excluded_lines": 0}, "missing_lines": [], "excluded_lines": []}}, "classes": {"": {"executed_lines": [], "summary": {"covered_lines": 0, "num_statements": 0, "percent_covered": 100.0, "percent_covered_display": "100", "missing_lines": 0, "excluded_lines": 0}, "missing_lines": [], "excluded_lines": []}}}, "services\\config\\__init__.py": {"executed_lines": [1, 3], "summary": {"covered_lines": 2, "num_statements": 2, "percent_covered": 100.0, "percent_covered_display": "100", "missing_lines": 0, "excluded_lines": 0}, "missing_lines": [], "excluded_lines": [], "functions": {"": {"executed_lines": [1, 3], "summary": {"covered_lines": 2, "num_statements": 2, "percent_covered": 100.0, "percent_covered_display": "100", "missing_lines": 0, "excluded_lines": 0}, "missing_lines": [], "excluded_lines": []}}, "classes": {"": {"executed_lines": [1, 3], "summary": {"covered_lines": 2, "num_statements": 2, "percent_covered": 100.0, "percent_covered_display": "100", "missing_lines": 0, "excluded_lines": 0}, "missing_lines": [], "excluded_lines": []}}}, "services\\config\\retrieval_config.py": {"executed_lines": [1, 6, 8, 11, 12, 16, 17, 18, 19, 23, 24, 25, 28, 29, 30, 31, 35, 36, 37, 40, 44, 48, 49, 50, 54, 55, 57, 58, 68, 69, 71, 72, 73, 74, 76, 78, 79, 88, 89, 90, 92, 93, 103, 105, 106, 122, 123, 124, 126, 127, 129, 131, 132, 146, 147, 148, 149, 151, 155, 159, 160, 161], "summary": {"covered_lines": 60, "num_statements": 60, "percent_covered": 100.0, "percent_covered_display": "100", "missing_lines": 0, "excluded_lines": 0}, "missing_lines": [], "excluded_lines": [], "functions": {"RetrievalConfig.get_top_k": {"executed_lines": [68, 69, 71, 72, 73, 74, 76], "summary": {"covered_lines": 7, "num_statements": 7, "percent_covered": 100.0, "percent_covered_display": "100", "missing_lines": 0, "excluded_lines": 0}, "missing_lines": [], "excluded_lines": []}, "RetrievalConfig.get_reranking_weights": {"executed_lines": [88, 89, 90], "summary": {"covered_lines": 3, "num_statements": 3, "percent_covered": 100.0, "percent_covered_display": "100", "missing_lines": 0, "excluded_lines": 0}, "missing_lines": [], "excluded_lines": []}, "RetrievalConfig.should_use_or_logic": {"executed_lines": [103], "summary": {"covered_lines": 1, "num_statements": 1, "percent_covered": 100.0, "percent_covered_display": "100", "missing_lines": 0, "excluded_lines": 0}, "missing_lines": [], "excluded_lines": []}, "RetrievalConfig.get_retrieval_limits": {"executed_lines": [122, 123, 124, 126, 127, 129], "summary": {"covered_lines": 6, "num_statements": 6, "percent_covered": 100.0, "percent_covered_display": "100", "missing_lines": 0, "excluded_lines": 0}, "missing_lines": [], "excluded_lines": []}, "RetrievalConfig.get_traversal_hops": {"executed_lines": [146, 147, 148, 149, 151], "summary": {"covered_lines": 5, "num_statements": 5, "percent_covered": 100.0, "percent_covered_display": "100", "missing_lines": 0, "excluded_lines": 0}, "missing_lines": [], "excluded_lines": []}, "": {"executed_lines": [1, 6, 8, 11, 12, 16, 17, 18, 19, 23, 24, 25, 28, 29, 30, 31, 35, 36, 37, 40, 44, 48, 49, 50, 54, 55, 57, 58, 78, 79, 92, 93, 105, 106, 131, 132, 155, 159, 160, 161], "summary": {"covered_lines": 38, "num_statements": 38, "percent_covered": 100.0, "percent_covered_display": "100", "missing_lines": 0, "excluded_lines": 0}, "missing_lines": [], "excluded_lines": []}}, "classes": {"RetrievalConfig": {"executed_lines": [68, 69, 71, 72, 73, 74, 76, 88, 89, 90, 103, 122, 123, 124, 126, 127, 129, 146, 147, 148, 149, 151], "summary": {"covered_lines": 22, "num_statements": 22, "percent_covered": 100.0, "percent_covered_display": "100", "missing_lines": 0, "excluded_lines": 0}, "missing_lines": [], "excluded_lines": []}, "": {"executed_lines": [1, 6, 8, 11, 12, 16, 17, 18, 19, 23, 24, 25, 28, 29, 30, 31, 35, 36, 37, 40, 44, 48, 49, 50, 54, 55, 57, 58, 78, 79, 92, 93, 105, 106, 131, 132, 155, 159, 160, 161], "summary": {"covered_lines": 38, "num_statements": 38, "percent_covered": 100.0, "percent_covered_display": "100", "missing_lines": 0, "excluded_lines": 0}, "missing_lines": [], "excluded_lines": []}}}, "services\\config\\settings.py": {"executed_lines": [1, 3, 4, 5, 7, 9, 15, 20, 21, 22, 23, 24, 25, 26, 28, 29, 30, 32, 33, 34, 37, 38, 39, 41, 48, 55, 76, 77, 81], "summary": {"covered_lines": 29, "num_statements": 44, "percent_covered": 65.9090909090909, "percent_covered_display": "66", "missing_lines": 15, "excluded_lines": 0}, "missing_lines": [16, 17, 42, 43, 44, 45, 46, 49, 50, 51, 52, 56, 57, 78, 82], "excluded_lines": [], "functions": {"_get_env": {"executed_lines": [], "summary": {"covered_lines": 0, "num_statements": 2, "percent_covered": 0.0, "percent_covered_display": "0", "missing_lines": 2, "excluded_lines": 0}, "missing_lines": [16, 17], "excluded_lines": []}, "Settings.masked": {"executed_lines": [], "summary": {"covered_lines": 0, "num_statements": 5, "percent_covered": 0.0, "percent_covered_display": "0", "missing_lines": 5, "excluded_lines": 0}, "missing_lines": [42, 43, 44, 45, 46], "excluded_lines": []}, "Settings.require": {"executed_lines": [], "summary": {"covered_lines": 0, "num_statements": 4, "percent_covered": 0.0, "percent_covered_display": "0", "missing_lines": 4, "excluded_lines": 0}, "missing_lines": [49, 50, 51, 52], "excluded_lines": []}, "_build_settings": {"executed_lines": [], "summary": {"covered_lines": 0, "num_statements": 2, "percent_covered": 0.0, "percent_covered_display": "0", "missing_lines": 2, "excluded_lines": 0}, "missing_lines": [56, 57], "excluded_lines": []}, "get_settings": {"executed_lines": [], "summary": {"covered_lines": 0, "num_statements": 1, "percent_covered": 0.0, "percent_covered_display": "0", "missing_lines": 1, "excluded_lines": 0}, "missing_lines": [78], "excluded_lines": []}, "reset_settings_cache": {"executed_lines": [], "summary": {"covered_lines": 0, "num_statements": 1, "percent_covered": 0.0, "percent_covered_display": "0", "missing_lines": 1, "excluded_lines": 0}, "missing_lines": [82], "excluded_lines": []}, "": {"executed_lines": [1, 3, 4, 5, 7, 9, 15, 20, 21, 22, 23, 24, 25, 26, 28, 29, 30, 32, 33, 34, 37, 38, 39, 41, 48, 55, 76, 77, 81], "summary": {"covered_lines": 29, "num_statements": 29, "percent_covered": 100.0, "percent_covered_display": "100", "missing_lines": 0, "excluded_lines": 0}, "missing_lines": [], "excluded_lines": []}}, "classes": {"Settings": {"executed_lines": [], "summary": {"covered_lines": 0, "num_statements": 9, "percent_covered": 0.0, "percent_covered_display": "0", "missing_lines": 9, "excluded_lines": 0}, "missing_lines": [42, 43, 44, 45, 46, 49, 50, 51, 52], "excluded_lines": []}, "": {"executed_lines": [1, 3, 4, 5, 7, 9, 15, 20, 21, 22, 23, 24, 25, 26, 28, 29, 30, 32, 33, 34, 37, 38, 39, 41, 48, 55, 76, 77, 81], "summary": {"covered_lines": 29, "num_statements": 35, "percent_covered": 82.85714285714286, "percent_covered_display": "83", "missing_lines": 6, "excluded_lines": 0}, "missing_lines": [16, 17, 56, 57, 78, 82], "excluded_lines": []}}}, "services\\graph_index\\__init__.py": {"executed_lines": [3, 4, 5, 7, 10], "summary": {"covered_lines": 5, "num_statements": 11, "percent_covered": 45.45454545454545, "percent_covered_display": "45", "missing_lines": 6, "excluded_lines": 0}, "missing_lines": [13, 14, 16, 17, 19, 20], "excluded_lines": [], "functions": {"ensure_raw_datasets": {"executed_lines": [], "summary": {"covered_lines": 0, "num_statements": 6, "percent_covered": 0.0, "percent_covered_display": "0", "missing_lines": 6, "excluded_lines": 0}, "missing_lines": [13, 14, 16, 17, 19, 20], "excluded_lines": []}, "": {"executed_lines": [3, 4, 5, 7, 10], "summary": {"covered_lines": 5, "num_statements": 5, "percent_covered": 100.0, "percent_covered_display": "100", "missing_lines": 0, "excluded_lines": 0}, "missing_lines": [], "excluded_lines": []}}, "classes": {"": {"executed_lines": [3, 4, 5, 7, 10], "summary": {"covered_lines": 5, "num_statements": 11, "percent_covered": 45.45454545454545, "percent_covered_display": "45", "missing_lines": 6, "excluded_lines": 0}, "missing_lines": [13, 14, 16, 17, 19, 20], "excluded_lines": []}}}, "services\\graph_index\\astra_api.py": {"executed_lines": [1, 3, 4, 5, 7, 9, 12, 13, 21, 22, 27, 28, 30, 39, 48, 51, 57, 60, 80, 89, 151], "summary": {"covered_lines": 21, "num_statements": 75, "percent_covered": 28.0, "percent_covered_display": "28", "missing_lines": 54, "excluded_lines": 4}, "missing_lines": [14, 15, 16, 17, 18, 19, 31, 32, 33, 34, 35, 40, 41, 42, 43, 49, 52, 53, 54, 55, 58, 71, 76, 77, 81, 87, 110, 112, 113, 115, 116, 125, 126, 128, 129, 130, 132, 135, 136, 139, 142, 143, 146, 147, 149, 167, 168, 171, 173, 181, 182, 184, 185, 186], "excluded_lines": [36, 37, 44, 45], "functions": {"AstraApiClient.__init__": {"executed_lines": [], "summary": {"covered_lines": 0, "num_statements": 6, "percent_covered": 0.0, "percent_covered_display": "0", "missing_lines": 6, "excluded_lines": 0}, "missing_lines": [14, 15, 16, 17, 18, 19], "excluded_lines": []}, "AstraApiClient._headers": {"executed_lines": [22], "summary": {"covered_lines": 1, "num_statements": 1, "percent_covered": 100.0, "percent_covered_display": "100", "missing_lines": 0, "excluded_lines": 0}, "missing_lines": [], "excluded_lines": []}, "AstraApiClient._url": {"executed_lines": [28], "summary": {"covered_lines": 1, "num_statements": 1, "percent_covered": 100.0, "percent_covered_display": "100", "missing_lines": 0, "excluded_lines": 0}, "missing_lines": [], "excluded_lines": []}, "AstraApiClient._post": {"executed_lines": [], "summary": {"covered_lines": 0, "num_statements": 5, "percent_covered": 0.0, "percent_covered_display": "0", "missing_lines": 5, "excluded_lines": 2}, "missing_lines": [31, 32, 33, 34, 35], "excluded_lines": [36, 37]}, "AstraApiClient._get": {"executed_lines": [], "summary": {"covered_lines": 0, "num_statements": 4, "percent_covered": 0.0, "percent_covered_display": "0", "missing_lines": 4, "excluded_lines": 2}, "missing_lines": [40, 41, 42, 43], "excluded_lines": [44, 45]}, "AstraApiClient.list_collections": {"executed_lines": [], "summary": {"covered_lines": 0, "num_statements": 1, "percent_covered": 0.0, "percent_covered_display": "0", "missing_lines": 1, "excluded_lines": 0}, "missing_lines": [49], "excluded_lines": []}, "AstraApiClient.create_collection": {"executed_lines": [], "summary": {"covered_lines": 0, "num_statements": 4, "percent_covered": 0.0, "percent_covered_display": "0", "missing_lines": 4, "excluded_lines": 0}, "missing_lines": [52, 53, 54, 55], "excluded_lines": []}, "AstraApiClient.upsert_documents": {"executed_lines": [], "summary": {"covered_lines": 0, "num_statements": 1, "percent_covered": 0.0, "percent_covered_display": "0", "missing_lines": 1, "excluded_lines": 0}, "missing_lines": [58], "excluded_lines": []}, "AstraApiClient.count_documents": {"executed_lines": [], "summary": {"covered_lines": 0, "num_statements": 3, "percent_covered": 0.0, "percent_covered_display": "0", "missing_lines": 3, "excluded_lines": 0}, "missing_lines": [71, 76, 77], "excluded_lines": []}, "AstraApiClient.create_vector_collection": {"executed_lines": [], "summary": {"covered_lines": 0, "num_statements": 2, "percent_covered": 0.0, "percent_covered_display": "0", "missing_lines": 2, "excluded_lines": 0}, "missing_lines": [81, 87], "excluded_lines": []}, "AstraApiClient.vector_search": {"executed_lines": [], "summary": {"covered_lines": 0, "num_statements": 19, "percent_covered": 0.0, "percent_covered_display": "0", "missing_lines": 19, "excluded_lines": 0}, "missing_lines": [110, 112, 113, 115, 116, 125, 126, 128, 129, 130, 132, 135, 136, 139, 142, 143, 146, 147, 149], "excluded_lines": []}, "AstraApiClient.batch_fetch_by_ids": {"executed_lines": [], "summary": {"covered_lines": 0, "num_statements": 9, "percent_covered": 0.0, "percent_covered_display": "0", "missing_lines": 9, "excluded_lines": 0}, "missing_lines": [167, 168, 171, 173, 181, 182, 184, 185, 186], "excluded_lines": []}, "": {"executed_lines": [1, 3, 4, 5, 7, 9, 12, 13, 21, 27, 30, 39, 48, 51, 57, 60, 80, 89, 151], "summary": {"covered_lines": 19, "num_statements": 19, "percent_covered": 100.0, "percent_covered_display": "100", "missing_lines": 0, "excluded_lines": 0}, "missing_lines": [], "excluded_lines": []}}, "classes": {"AstraApiClient": {"executed_lines": [22, 28], "summary": {"covered_lines": 2, "num_statements": 56, "percent_covered": 3.5714285714285716, "percent_covered_display": "4", "missing_lines": 54, "excluded_lines": 4}, "missing_lines": [14, 15, 16, 17, 18, 19, 31, 32, 33, 34, 35, 40, 41, 42, 43, 49, 52, 53, 54, 55, 58, 71, 76, 77, 81, 87, 110, 112, 113, 115, 116, 125, 126, 128, 129, 130, 132, 135, 136, 139, 142, 143, 146, 147, 149, 167, 168, 171, 173, 181, 182, 184, 185, 186], "excluded_lines": [36, 37, 44, 45]}, "": {"executed_lines": [1, 3, 4, 5, 7, 9, 12, 13, 21, 27, 30, 39, 48, 51, 57, 60, 80, 89, 151], "summary": {"covered_lines": 19, "num_statements": 19, "percent_covered": 100.0, "percent_covered_display": "100", "missing_lines": 0, "excluded_lines": 0}, "missing_lines": [], "excluded_lines": []}}}, "services\\graph_index\\embedding.py": {"executed_lines": [2, 3, 5, 6, 7, 9, 13, 14, 15, 18, 19, 26, 27, 28, 29, 30, 31, 33, 34, 36, 37, 39, 54, 72, 96, 128, 129], "summary": {"covered_lines": 27, "num_statements": 70, "percent_covered": 38.57142857142857, "percent_covered_display": "39", "missing_lines": 43, "excluded_lines": 7}, "missing_lines": [40, 41, 42, 43, 44, 52, 55, 56, 57, 63, 64, 65, 66, 67, 68, 69, 70, 73, 74, 75, 80, 87, 88, 89, 90, 91, 92, 93, 94, 106, 107, 108, 111, 112, 115, 116, 118, 119, 120, 121, 122, 123, 125], "excluded_lines": [45, 46, 47, 48, 49, 50, 51], "functions": {"WatsonxEmbeddingClient.__init__": {"executed_lines": [26, 27, 28, 29, 30, 31, 33, 34, 36, 37], "summary": {"covered_lines": 10, "num_statements": 10, "percent_covered": 100.0, "percent_covered_display": "100", "missing_lines": 0, "excluded_lines": 0}, "missing_lines": [], "excluded_lines": []}, "WatsonxEmbeddingClient._post": {"executed_lines": [], "summary": {"covered_lines": 0, "num_statements": 6, "percent_covered": 0.0, "percent_covered_display": "0", "missing_lines": 6, "excluded_lines": 7}, "missing_lines": [40, 41, 42, 43, 44, 52], "excluded_lines": [45, 46, 47, 48, 49, 50, 51]}, "WatsonxEmbeddingClient._get_iam_token": {"executed_lines": [], "summary": {"covered_lines": 0, "num_statements": 11, "percent_covered": 0.0, "percent_covered_display": "0", "missing_lines": 11, "excluded_lines": 0}, "missing_lines": [55, 56, 57, 63, 64, 65, 66, 67, 68, 69, 70], "excluded_lines": []}, "WatsonxEmbeddingClient._call_watsonx_embeddings": {"executed_lines": [], "summary": {"covered_lines": 0, "num_statements": 12, "percent_covered": 0.0, "percent_covered_display": "0", "missing_lines": 12, "excluded_lines": 0}, "missing_lines": [73, 74, 75, 80, 87, 88, 89, 90, 91, 92, 93, 94], "excluded_lines": []}, "WatsonxEmbeddingClient.embed_texts": {"executed_lines": [], "summary": {"covered_lines": 0, "num_statements": 14, "percent_covered": 0.0, "percent_covered_display": "0", "missing_lines": 14, "excluded_lines": 0}, "missing_lines": [106, 107, 108, 111, 112, 115, 116, 118, 119, 120, 121, 122, 123, 125], "excluded_lines": []}, "get_embedding_client": {"executed_lines": [129], "summary": {"covered_lines": 1, "num_statements": 1, "percent_covered": 100.0, "percent_covered_display": "100", "missing_lines": 0, "excluded_lines": 0}, "missing_lines": [], "excluded_lines": []}, "": {"executed_lines": [2, 3, 5, 6, 7, 9, 13, 14, 15, 18, 19, 39, 54, 72, 96, 128], "summary": {"covered_lines": 16, "num_statements": 16, "percent_covered": 100.0, "percent_covered_display": "100", "missing_lines": 0, "excluded_lines": 0}, "missing_lines": [], "excluded_lines": []}}, "classes": {"WatsonxEmbeddingClient": {"executed_lines": [26, 27, 28, 29, 30, 31, 33, 34, 36, 37], "summary": {"covered_lines": 10, "num_statements": 53, "percent_covered": 18.867924528301888, "percent_covered_display": "19", "missing_lines": 43, "excluded_lines": 7}, "missing_lines": [40, 41, 42, 43, 44, 52, 55, 56, 57, 63, 64, 65, 66, 67, 68, 69, 70, 73, 74, 75, 80, 87, 88, 89, 90, 91, 92, 93, 94, 106, 107, 108, 111, 112, 115, 116, 118, 119, 120, 121, 122, 123, 125], "excluded_lines": [45, 46, 47, 48, 49, 50, 51]}, "": {"executed_lines": [2, 3, 5, 6, 7, 9, 13, 14, 15, 18, 19, 39, 54, 72, 96, 128, 129], "summary": {"covered_lines": 17, "num_statements": 17, "percent_covered": 100.0, "percent_covered_display": "100", "missing_lines": 0, "excluded_lines": 0}, "missing_lines": [], "excluded_lines": []}}}, "services\\graph_index\\generation.py": {"executed_lines": [1, 3, 4, 5, 7, 9, 12, 13, 33, 48, 66, 94], "summary": {"covered_lines": 12, "num_statements": 53, "percent_covered": 22.641509433962263, "percent_covered_display": "23", "missing_lines": 41, "excluded_lines": 7}, "missing_lines": [20, 21, 22, 23, 24, 25, 27, 28, 30, 31, 34, 35, 36, 37, 38, 46, 49, 50, 51, 57, 58, 59, 60, 61, 62, 63, 64, 67, 68, 70, 71, 72, 77, 85, 86, 87, 88, 89, 90, 91, 95], "excluded_lines": [39, 40, 41, 42, 43, 44, 45], "functions": {"WatsonxGenerationClient.__init__": {"executed_lines": [], "summary": {"covered_lines": 0, "num_statements": 10, "percent_covered": 0.0, "percent_covered_display": "0", "missing_lines": 10, "excluded_lines": 0}, "missing_lines": [20, 21, 22, 23, 24, 25, 27, 28, 30, 31], "excluded_lines": []}, "WatsonxGenerationClient._post": {"executed_lines": [], "summary": {"covered_lines": 0, "num_statements": 6, "percent_covered": 0.0, "percent_covered_display": "0", "missing_lines": 6, "excluded_lines": 7}, "missing_lines": [34, 35, 36, 37, 38, 46], "excluded_lines": [39, 40, 41, 42, 43, 44, 45]}, "WatsonxGenerationClient._get_token": {"executed_lines": [], "summary": {"covered_lines": 0, "num_statements": 11, "percent_covered": 0.0, "percent_covered_display": "0", "missing_lines": 11, "excluded_lines": 0}, "missing_lines": [49, 50, 51, 57, 58, 59, 60, 61, 62, 63, 64], "excluded_lines": []}, "WatsonxGenerationClient.generate": {"executed_lines": [], "summary": {"covered_lines": 0, "num_statements": 13, "percent_covered": 0.0, "percent_covered_display": "0", "missing_lines": 13, "excluded_lines": 0}, "missing_lines": [67, 68, 70, 71, 72, 77, 85, 86, 87, 88, 89, 90, 91], "excluded_lines": []}, "get_generation_client": {"executed_lines": [], "summary": {"covered_lines": 0, "num_statements": 1, "percent_covered": 0.0, "percent_covered_display": "0", "missing_lines": 1, "excluded_lines": 0}, "missing_lines": [95], "excluded_lines": []}, "": {"executed_lines": [1, 3, 4, 5, 7, 9, 12, 13, 33, 48, 66, 94], "summary": {"covered_lines": 12, "num_statements": 12, "percent_covered": 100.0, "percent_covered_display": "100", "missing_lines": 0, "excluded_lines": 0}, "missing_lines": [], "excluded_lines": []}}, "classes": {"WatsonxGenerationClient": {"executed_lines": [], "summary": {"covered_lines": 0, "num_statements": 40, "percent_covered": 0.0, "percent_covered_display": "0", "missing_lines": 40, "excluded_lines": 7}, "missing_lines": [20, 21, 22, 23, 24, 25, 27, 28, 30, 31, 34, 35, 36, 37, 38, 46, 49, 50, 51, 57, 58, 59, 60, 61, 62, 63, 64, 67, 68, 70, 71, 72, 77, 85, 86, 87, 88, 89, 90, 91], "excluded_lines": [39, 40, 41, 42, 43, 44, 45]}, "": {"executed_lines": [1, 3, 4, 5, 7, 9, 12, 13, 33, 48, 66, 94], "summary": {"covered_lines": 12, "num_statements": 13, "percent_covered": 92.3076923076923, "percent_covered_display": "92", "missing_lines": 1, "excluded_lines": 0}, "missing_lines": [95], "excluded_lines": []}}}, "services\\graph_index\\graph_traverser.py": {"executed_lines": [1, 5, 6, 7, 10, 11, 19, 25, 26, 27, 29, 32, 34, 39, 42, 44, 47, 50, 52, 53, 54, 55, 57, 59, 60, 61, 64, 65, 66, 70, 71, 72, 74, 75, 77, 78, 79, 80, 81, 82, 83, 84, 86, 87, 88, 89, 90, 91, 93, 102, 104, 120, 121, 122, 123, 127, 129, 130, 132, 135, 136, 137, 139, 141, 152, 154, 165, 168, 170, 181, 183, 199, 202, 206, 226, 227, 229, 231, 232, 234, 236, 237, 238, 239, 240, 241, 242, 244, 245, 246, 247, 248, 249, 250, 252, 254, 257, 259, 268, 269, 272, 273, 275, 289, 295, 296, 297, 298, 300, 303], "summary": {"covered_lines": 108, "num_statements": 124, "percent_covered": 87.09677419354838, "percent_covered_display": "87", "missing_lines": 16, "excluded_lines": 0}, "missing_lines": [30, 125, 133, 194, 196, 200, 203, 204, 255, 270, 290, 291, 292, 311, 312, 314], "excluded_lines": [], "functions": {"GraphTraverser.__init__": {"executed_lines": [25, 26, 27, 29, 32, 34, 39, 42], "summary": {"covered_lines": 8, "num_statements": 9, "percent_covered": 88.88888888888889, "percent_covered_display": "89", "missing_lines": 1, "excluded_lines": 0}, "missing_lines": [30], "excluded_lines": []}, "GraphTraverser._build_edge_index": {"executed_lines": [47, 50, 52, 53, 54, 55, 57, 59, 60, 61, 64, 65, 66, 70, 71, 72, 74, 75, 77, 78, 79, 80, 81, 82, 83, 84, 86, 87, 88, 89, 90, 91], "summary": {"covered_lines": 32, "num_statements": 32, "percent_covered": 100.0, "percent_covered_display": "100", "missing_lines": 0, "excluded_lines": 0}, "missing_lines": [], "excluded_lines": []}, "GraphTraverser.get_node": {"executed_lines": [102], "summary": {"covered_lines": 1, "num_statements": 1, "percent_covered": 100.0, "percent_covered_display": "100", "missing_lines": 0, "excluded_lines": 0}, "missing_lines": [], "excluded_lines": []}, "GraphTraverser.get_connected_nodes": {"executed_lines": [120, 121, 122, 123, 127, 129, 130, 132, 135, 136, 137, 139], "summary": {"covered_lines": 12, "num_statements": 14, "percent_covered": 85.71428571428571, "percent_covered_display": "86", "missing_lines": 2, "excluded_lines": 0}, "missing_lines": [125, 133], "excluded_lines": []}, "GraphTraverser.get_curves_for_well": {"executed_lines": [152], "summary": {"covered_lines": 1, "num_statements": 1, "percent_covered": 100.0, "percent_covered_display": "100", "missing_lines": 0, "excluded_lines": 0}, "missing_lines": [], "excluded_lines": []}, "GraphTraverser.get_well_for_curve": {"executed_lines": [165, 168], "summary": {"covered_lines": 2, "num_statements": 2, "percent_covered": 100.0, "percent_covered_display": "100", "missing_lines": 0, "excluded_lines": 0}, "missing_lines": [], "excluded_lines": []}, "GraphTraverser.get_measurements_for_site": {"executed_lines": [181], "summary": {"covered_lines": 1, "num_statements": 1, "percent_covered": 100.0, "percent_covered_display": "100", "missing_lines": 0, "excluded_lines": 0}, "missing_lines": [], "excluded_lines": []}, "GraphTraverser.get_site_for_measurement": {"executed_lines": [], "summary": {"covered_lines": 0, "num_statements": 2, "percent_covered": 0.0, "percent_covered_display": "0", "missing_lines": 2, "excluded_lines": 0}, "missing_lines": [194, 196], "excluded_lines": []}, "GraphTraverser.get_mnemonics_for_well": {"executed_lines": [], "summary": {"covered_lines": 0, "num_statements": 1, "percent_covered": 0.0, "percent_covered_display": "0", "missing_lines": 1, "excluded_lines": 0}, "missing_lines": [200], "excluded_lines": []}, "GraphTraverser.get_wells_with_mnemonic": {"executed_lines": [], "summary": {"covered_lines": 0, "num_statements": 2, "percent_covered": 0.0, "percent_covered_display": "0", "missing_lines": 2, "excluded_lines": 0}, "missing_lines": [203, 204], "excluded_lines": []}, "GraphTraverser.expand_search_results": {"executed_lines": [226, 227, 229, 231, 232, 234, 236, 237, 238, 239, 240, 241, 242, 244, 245, 246, 247, 248, 249, 250, 252, 254, 257], "summary": {"covered_lines": 23, "num_statements": 24, "percent_covered": 95.83333333333333, "percent_covered_display": "96", "missing_lines": 1, "excluded_lines": 0}, "missing_lines": [255], "excluded_lines": []}, "GraphTraverser.get_relationship_summary": {"executed_lines": [268, 269, 272, 273, 275, 289, 295, 296, 297, 298, 300], "summary": {"covered_lines": 11, "num_statements": 15, "percent_covered": 73.33333333333333, "percent_covered_display": "73", "missing_lines": 4, "excluded_lines": 0}, "missing_lines": [270, 290, 291, 292], "excluded_lines": []}, "get_traverser": {"executed_lines": [], "summary": {"covered_lines": 0, "num_statements": 3, "percent_covered": 0.0, "percent_covered_display": "0", "missing_lines": 3, "excluded_lines": 0}, "missing_lines": [311, 312, 314], "excluded_lines": []}, "": {"executed_lines": [1, 5, 6, 7, 10, 11, 19, 44, 93, 104, 141, 154, 170, 183, 199, 202, 206, 259, 303], "summary": {"covered_lines": 17, "num_statements": 17, "percent_covered": 100.0, "percent_covered_display": "100", "missing_lines": 0, "excluded_lines": 0}, "missing_lines": [], "excluded_lines": []}}, "classes": {"GraphTraverser": {"executed_lines": [25, 26, 27, 29, 32, 34, 39, 42, 47, 50, 52, 53, 54, 55, 57, 59, 60, 61, 64, 65, 66, 70, 71, 72, 74, 75, 77, 78, 79, 80, 81, 82, 83, 84, 86, 87, 88, 89, 90, 91, 102, 120, 121, 122, 123, 127, 129, 130, 132, 135, 136, 137, 139, 152, 165, 168, 181, 226, 227, 229, 231, 232, 234, 236, 237, 238, 239, 240, 241, 242, 244, 245, 246, 247, 248, 249, 250, 252, 254, 257, 268, 269, 272, 273, 275, 289, 295, 296, 297, 298, 300], "summary": {"covered_lines": 91, "num_statements": 104, "percent_covered": 87.5, "percent_covered_display": "88", "missing_lines": 13, "excluded_lines": 0}, "missing_lines": [30, 125, 133, 194, 196, 200, 203, 204, 255, 270, 290, 291, 292], "excluded_lines": []}, "": {"executed_lines": [1, 5, 6, 7, 10, 11, 19, 44, 93, 104, 141, 154, 170, 183, 199, 202, 206, 259, 303], "summary": {"covered_lines": 17, "num_statements": 20, "percent_covered": 85.0, "percent_covered_display": "85", "missing_lines": 3, "excluded_lines": 0}, "missing_lines": [311, 312, 314], "excluded_lines": []}}}, "services\\graph_index\\paths.py": {"executed_lines": [1, 3, 4, 5, 6, 8, 9, 10, 12, 13, 15, 16], "summary": {"covered_lines": 12, "num_statements": 12, "percent_covered": 100.0, "percent_covered_display": "100", "missing_lines": 0, "excluded_lines": 0}, "missing_lines": [], "excluded_lines": [], "functions": {"": {"executed_lines": [1, 3, 4, 5, 6, 8, 9, 10, 12, 13, 15, 16], "summary": {"covered_lines": 12, "num_statements": 12, "percent_covered": 100.0, "percent_covered_display": "100", "missing_lines": 0, "excluded_lines": 0}, "missing_lines": [], "excluded_lines": []}}, "classes": {"": {"executed_lines": [1, 3, 4, 5, 6, 8, 9, 10, 12, 13, 15, 16], "summary": {"covered_lines": 12, "num_statements": 12, "percent_covered": 100.0, "percent_covered_display": "100", "missing_lines": 0, "excluded_lines": 0}, "missing_lines": [], "excluded_lines": []}}}, "services\\graph_index\\relationship_detector.py": {"executed_lines": [1, 5, 6, 9, 10, 13, 44, 58, 65, 106, 159, 246, 303], "summary": {"covered_lines": 11, "num_statements": 101, "percent_covered": 10.891089108910892, "percent_covered_display": "11", "missing_lines": 90, "excluded_lines": 0}, "missing_lines": [79, 80, 82, 83, 84, 85, 86, 87, 89, 90, 91, 92, 93, 94, 95, 96, 98, 99, 100, 103, 104, 108, 117, 118, 121, 122, 127, 128, 133, 134, 139, 140, 147, 148, 149, 150, 151, 152, 154, 155, 157, 175, 177, 186, 187, 188, 189, 190, 191, 195, 196, 197, 199, 201, 202, 205, 206, 207, 210, 211, 212, 213, 216, 217, 218, 228, 229, 230, 231, 232, 234, 235, 236, 237, 240, 244, 256, 264, 265, 272, 273, 280, 281, 288, 289, 297, 298, 300, 312, 313], "excluded_lines": [], "functions": {"RelationshipQueryDetector._score_confidence": {"executed_lines": [], "summary": {"covered_lines": 0, "num_statements": 21, "percent_covered": 0.0, "percent_covered_display": "0", "missing_lines": 21, "excluded_lines": 0}, "missing_lines": [79, 80, 82, 83, 84, 85, 86, 87, 89, 90, 91, 92, 93, 94, 95, 96, 98, 99, 100, 103, 104], "excluded_lines": []}, "RelationshipQueryDetector._build_traversal_strategy": {"executed_lines": [], "summary": {"covered_lines": 0, "num_statements": 20, "percent_covered": 0.0, "percent_covered_display": "0", "missing_lines": 20, "excluded_lines": 0}, "missing_lines": [108, 117, 118, 121, 122, 127, 128, 133, 134, 139, 140, 147, 148, 149, 150, 151, 152, 154, 155, 157], "excluded_lines": []}, "RelationshipQueryDetector.detect": {"executed_lines": [], "summary": {"covered_lines": 0, "num_statements": 35, "percent_covered": 0.0, "percent_covered_display": "0", "missing_lines": 35, "excluded_lines": 0}, "missing_lines": [175, 177, 186, 187, 188, 189, 190, 191, 195, 196, 197, 199, 201, 202, 205, 206, 207, 210, 211, 212, 213, 216, 217, 218, 228, 229, 230, 231, 232, 234, 235, 236, 237, 240, 244], "excluded_lines": []}, "RelationshipQueryDetector._get_traversal_strategy": {"executed_lines": [], "summary": {"covered_lines": 0, "num_statements": 12, "percent_covered": 0.0, "percent_covered_display": "0", "missing_lines": 12, "excluded_lines": 0}, "missing_lines": [256, 264, 265, 272, 273, 280, 281, 288, 289, 297, 298, 300], "excluded_lines": []}, "detect_relationship_query": {"executed_lines": [], "summary": {"covered_lines": 0, "num_statements": 2, "percent_covered": 0.0, "percent_covered_display": "0", "missing_lines": 2, "excluded_lines": 0}, "missing_lines": [312, 313], "excluded_lines": []}, "": {"executed_lines": [1, 5, 6, 9, 10, 13, 44, 58, 65, 106, 159, 246, 303], "summary": {"covered_lines": 11, "num_statements": 11, "percent_covered": 100.0, "percent_covered_display": "100", "missing_lines": 0, "excluded_lines": 0}, "missing_lines": [], "excluded_lines": []}}, "classes": {"RelationshipQueryDetector": {"executed_lines": [], "summary": {"covered_lines": 0, "num_statements": 88, "percent_covered": 0.0, "percent_covered_display": "0", "missing_lines": 88, "excluded_lines": 0}, "missing_lines": [79, 80, 82, 83, 84, 85, 86, 87, 89, 90, 91, 92, 93, 94, 95, 96, 98, 99, 100, 103, 104, 108, 117, 118, 121, 122, 127, 128, 133, 134, 139, 140, 147, 148, 149, 150, 151, 152, 154, 155, 157, 175, 177, 186, 187, 188, 189, 190, 191, 195, 196, 197, 199, 201, 202, 205, 206, 207, 210, 211, 212, 213, 216, 217, 218, 228, 229, 230, 231, 232, 234, 235, 236, 237, 240, 244, 256, 264, 265, 272, 273, 280, 281, 288, 289, 297, 298, 300], "excluded_lines": []}, "": {"executed_lines": [1, 5, 6, 9, 10, 13, 44, 58, 65, 106, 159, 246, 303], "summary": {"covered_lines": 11, "num_statements": 13, "percent_covered": 84.61538461538461, "percent_covered_display": "85", "missing_lines": 2, "excluded_lines": 0}, "missing_lines": [312, 313], "excluded_lines": []}}}, "services\\graph_index\\utils.py": {"executed_lines": [1, 2, 4, 7], "summary": {"covered_lines": 4, "num_statements": 17, "percent_covered": 23.529411764705884, "percent_covered_display": "24", "missing_lines": 13, "excluded_lines": 0}, "missing_lines": [8, 9, 10, 11, 12, 13, 14, 15, 16, 17, 18, 19, 20], "excluded_lines": [], "functions": {"load_env_file": {"executed_lines": [], "summary": {"covered_lines": 0, "num_statements": 13, "percent_covered": 0.0, "percent_covered_display": "0", "missing_lines": 13, "excluded_lines": 0}, "missing_lines": [8, 9, 10, 11, 12, 13, 14, 15, 16, 17, 18, 19, 20], "excluded_lines": []}, "": {"executed_lines": [1, 2, 4, 7], "summary": {"covered_lines": 4, "num_statements": 4, "percent_covered": 100.0, "percent_covered_display": "100", "missing_lines": 0, "excluded_lines": 0}, "missing_lines": [], "excluded_lines": []}}, "classes": {"": {"executed_lines": [1, 2, 4, 7], "summary": {"covered_lines": 4, "num_statements": 17, "percent_covered": 23.529411764705884, "percent_covered_display": "24", "missing_lines": 13, "excluded_lines": 0}, "missing_lines": [8, 9, 10, 11, 12, 13, 14, 15, 16, 17, 18, 19, 20], "excluded_lines": []}}}, "services\\graph_index\\validators.py": {"executed_lines": [1, 3, 4, 5, 7, 9, 10, 20, 23, 24, 25, 26, 29, 30, 31, 32, 35, 36, 37, 38, 40, 41, 42, 45, 46, 47, 48, 50, 51, 52, 53, 56, 57, 58, 59, 61, 62, 63, 64, 65, 68, 69, 70, 71], "summary": {"covered_lines": 44, "num_statements": 44, "percent_covered": 100.0, "percent_covered_display": "100", "missing_lines": 0, "excluded_lines": 0}, "missing_lines": [], "excluded_lines": [], "functions": {"_load_first_row": {"executed_lines": [24, 25, 26], "summary": {"covered_lines": 3, "num_statements": 3, "percent_covered": 100.0, "percent_covered_display": "100", "missing_lines": 0, "excluded_lines": 0}, "missing_lines": [], "excluded_lines": []}, "_load_first_dict": {"executed_lines": [30, 31, 32], "summary": {"covered_lines": 3, "num_statements": 3, "percent_covered": 100.0, "percent_covered_display": "100", "missing_lines": 0, "excluded_lines": 0}, "missing_lines": [], "excluded_lines": []}, "validate_eia_csv": {"executed_lines": [36, 37, 38, 40, 41, 42], "summary": {"covered_lines": 6, "num_statements": 6, "percent_covered": 100.0, "percent_covered_display": "100", "missing_lines": 0, "excluded_lines": 0}, "missing_lines": [], "excluded_lines": []}, "validate_usgs_csv": {"executed_lines": [46, 47, 48, 50, 51, 52, 53], "summary": {"covered_lines": 7, "num_statements": 7, "percent_covered": 100.0, "percent_covered_display": "100", "missing_lines": 0, "excluded_lines": 0}, "missing_lines": [], "excluded_lines": []}, "validate_las_metadata": {"executed_lines": [57, 58, 59, 61, 62, 63, 64, 65], "summary": {"covered_lines": 8, "num_statements": 8, "percent_covered": 100.0, "percent_covered_display": "100", "missing_lines": 0, "excluded_lines": 0}, "missing_lines": [], "excluded_lines": []}, "run_all_validations": {"executed_lines": [69, 70, 71], "summary": {"covered_lines": 3, "num_statements": 3, "percent_covered": 100.0, "percent_covered_display": "100", "missing_lines": 0, "excluded_lines": 0}, "missing_lines": [], "excluded_lines": []}, "": {"executed_lines": [1, 3, 4, 5, 7, 9, 10, 20, 23, 29, 35, 45, 56, 68], "summary": {"covered_lines": 14, "num_statements": 14, "percent_covered": 100.0, "percent_covered_display": "100", "missing_lines": 0, "excluded_lines": 0}, "missing_lines": [], "excluded_lines": []}}, "classes": {"": {"executed_lines": [1, 3, 4, 5, 7, 9, 10, 20, 23, 24, 25, 26, 29, 30, 31, 32, 35, 36, 37, 38, 40, 41, 42, 45, 46, 47, 48, 50, 51, 52, 53, 56, 57, 58, 59, 61, 62, 63, 64, 65, 68, 69, 70, 71], "summary": {"covered_lines": 44, "num_statements": 44, "percent_covered": 100.0, "percent_covered_display": "100", "missing_lines": 0, "excluded_lines": 0}, "missing_lines": [], "excluded_lines": []}}}, "services\\langgraph\\aggregation.py": {"executed_lines": [1, 2, 3, 4, 5, 8, 9, 10, 11, 12, 13, 17, 18, 19, 31, 67, 68, 70, 79, 80, 81, 82, 84, 85, 86, 90, 92, 111, 112, 113, 114, 115, 119, 121, 130, 131, 133, 135, 136, 137, 138, 139, 140, 141, 143, 145, 163, 165, 168, 169, 170, 171, 172, 173, 174, 176, 177, 178, 179, 180, 183, 185, 186, 187, 190, 191, 192, 193, 194, 195, 196, 228, 239, 254, 258, 260, 261, 262, 263, 264, 266, 267, 268, 269, 270, 274, 275, 279, 283, 285, 286, 287, 288, 289, 291, 292, 293, 294, 295, 299, 300, 304, 319, 323, 325, 326, 327, 328, 329, 330, 331, 334, 335, 337, 340, 341, 342, 343, 344, 345, 346, 347, 348, 349, 350, 352, 353, 363, 364, 365, 366, 368, 370, 374, 375, 377, 379, 380, 381, 383, 385, 389, 392, 393, 395, 397, 399, 400, 401, 402, 408, 409, 410, 414, 415, 416, 418, 419, 421, 422, 423, 424, 425, 428, 429, 430, 431, 433, 438, 439, 440, 441, 442, 444, 445, 446, 447, 449, 450, 451, 455, 456, 457, 458, 461, 466, 479, 490, 496, 497, 498, 499, 504, 506, 509, 510, 511, 512, 513, 514, 515, 518, 519, 520, 521, 522, 523, 525, 526, 528, 529, 530, 532, 534, 535, 536, 537, 538, 539, 540, 543, 546, 547, 548, 549, 552, 554, 555, 556, 558, 559, 560, 561, 563, 564, 567, 568, 569, 579, 580, 582, 583, 587, 588, 590, 591, 592, 593, 595, 596, 599, 602, 614, 619, 620, 623, 624, 627, 628, 629, 630, 632, 638, 641, 644, 645, 647, 649, 650, 651, 653, 658, 675, 687, 700, 730], "summary": {"covered_lines": 275, "num_statements": 514, "percent_covered": 53.50194552529183, "percent_covered_display": "54", "missing_lines": 239, "excluded_lines": 0}, "missing_lines": [14, 20, 21, 22, 23, 24, 25, 26, 27, 28, 83, 87, 88, 89, 93, 94, 95, 96, 97, 98, 99, 100, 101, 102, 103, 104, 105, 106, 107, 108, 109, 116, 117, 118, 122, 123, 124, 125, 126, 127, 128, 132, 142, 146, 147, 148, 149, 150, 151, 152, 153, 154, 155, 156, 157, 158, 159, 166, 175, 181, 188, 198, 217, 218, 219, 220, 221, 222, 224, 232, 233, 234, 235, 236, 244, 245, 246, 247, 248, 249, 250, 251, 259, 265, 271, 272, 273, 276, 284, 290, 296, 297, 298, 301, 308, 309, 310, 311, 312, 313, 314, 315, 316, 324, 336, 351, 354, 355, 356, 357, 358, 359, 360, 367, 369, 376, 378, 382, 384, 394, 396, 398, 403, 404, 405, 411, 412, 417, 420, 434, 435, 436, 453, 462, 463, 467, 468, 469, 471, 472, 473, 474, 475, 476, 477, 480, 481, 482, 483, 484, 485, 486, 487, 500, 501, 502, 503, 505, 507, 516, 542, 551, 553, 570, 571, 572, 573, 574, 575, 576, 584, 585, 598, 621, 625, 639, 642, 646, 664, 665, 666, 668, 669, 670, 671, 672, 676, 677, 678, 679, 680, 681, 682, 683, 684, 688, 689, 690, 691, 692, 701, 703, 704, 706, 711, 718, 719, 720, 721, 727, 739, 740, 742, 743, 745, 746, 747, 748, 750, 751, 752, 753, 754, 756, 757, 758, 760, 761, 762, 763, 764, 766, 767, 768, 769, 770, 771, 773, 775], "excluded_lines": [], "functions": {"_extract_field_value": {"executed_lines": [9, 10, 11, 12, 13], "summary": {"covered_lines": 5, "num_statements": 6, "percent_covered": 83.33333333333333, "percent_covered_display": "83", "missing_lines": 1, "excluded_lines": 0}, "missing_lines": [14], "excluded_lines": []}, "_coerce_numeric": {"executed_lines": [18, 19], "summary": {"covered_lines": 2, "num_statements": 11, "percent_covered": 18.181818181818183, "percent_covered_display": "18", "missing_lines": 9, "excluded_lines": 0}, "missing_lines": [20, 21, 22, 23, 24, 25, 26, 27, 28], "excluded_lines": []}, "_detect_state_filters": {"executed_lines": [80, 81, 82, 84, 85, 86, 90], "summary": {"covered_lines": 7, "num_statements": 11, "percent_covered": 63.63636363636363, "percent_covered_display": "64", "missing_lines": 4, "excluded_lines": 0}, "missing_lines": [83, 87, 88, 89], "excluded_lines": []}, "_doc_matches_state": {"executed_lines": [], "summary": {"covered_lines": 0, "num_statements": 17, "percent_covered": 0.0, "percent_covered_display": "0", "missing_lines": 17, "excluded_lines": 0}, "missing_lines": [93, 94, 95, 96, 97, 98, 99, 100, 101, 102, 103, 104, 105, 106, 107, 108, 109], "excluded_lines": []}, "_apply_query_filters": {"executed_lines": [112, 113, 114, 115, 119], "summary": {"covered_lines": 5, "num_statements": 8, "percent_covered": 62.5, "percent_covered_display": "62", "missing_lines": 3, "excluded_lines": 0}, "missing_lines": [116, 117, 118], "excluded_lines": []}, "_format_state_phrase": {"executed_lines": [], "summary": {"covered_lines": 0, "num_statements": 7, "percent_covered": 0.0, "percent_covered_display": "0", "missing_lines": 7, "excluded_lines": 0}, "missing_lines": [122, 123, 124, 125, 126, 127, 128], "excluded_lines": []}, "_pluralize_label": {"executed_lines": [131, 133], "summary": {"covered_lines": 2, "num_statements": 3, "percent_covered": 66.66666666666667, "percent_covered_display": "67", "missing_lines": 1, "excluded_lines": 0}, "missing_lines": [132], "excluded_lines": []}, "_format_count_answer": {"executed_lines": [136, 137, 138, 139, 140, 141, 143], "summary": {"covered_lines": 7, "num_statements": 8, "percent_covered": 87.5, "percent_covered_display": "88", "missing_lines": 1, "excluded_lines": 0}, "missing_lines": [142], "excluded_lines": []}, "_merge_filter_suffix": {"executed_lines": [], "summary": {"covered_lines": 0, "num_statements": 14, "percent_covered": 0.0, "percent_covered_display": "0", "missing_lines": 14, "excluded_lines": 0}, "missing_lines": [146, 147, 148, 149, 150, 151, 152, 153, 154, 155, 156, 157, 158, 159], "excluded_lines": []}, "extract_field_from_query": {"executed_lines": [165, 168, 169, 170, 171, 172, 173, 174, 176, 177, 178, 179, 180, 183, 185, 186, 187, 190, 191, 192, 193, 194, 195, 196], "summary": {"covered_lines": 24, "num_statements": 36, "percent_covered": 66.66666666666667, "percent_covered_display": "67", "missing_lines": 12, "excluded_lines": 0}, "missing_lines": [166, 175, 181, 188, 198, 217, 218, 219, 220, 221, 222, 224], "excluded_lines": []}, "count_entities": {"executed_lines": [], "summary": {"covered_lines": 0, "num_statements": 5, "percent_covered": 0.0, "percent_covered_display": "0", "missing_lines": 5, "excluded_lines": 0}, "missing_lines": [232, 233, 234, 235, 236], "excluded_lines": []}, "list_unique_values": {"executed_lines": [], "summary": {"covered_lines": 0, "num_statements": 8, "percent_covered": 0.0, "percent_covered_display": "0", "missing_lines": 8, "excluded_lines": 0}, "missing_lines": [244, 245, 246, 247, 248, 249, 250, 251], "excluded_lines": []}, "max_field": {"executed_lines": [258, 260, 261, 262, 263, 264, 266, 267, 268, 269, 270, 274, 275], "summary": {"covered_lines": 13, "num_statements": 19, "percent_covered": 68.42105263157895, "percent_covered_display": "68", "missing_lines": 6, "excluded_lines": 0}, "missing_lines": [259, 265, 271, 272, 273, 276], "excluded_lines": []}, "min_field": {"executed_lines": [283, 285, 286, 287, 288, 289, 291, 292, 293, 294, 295, 299, 300], "summary": {"covered_lines": 13, "num_statements": 19, "percent_covered": 68.42105263157895, "percent_covered_display": "68", "missing_lines": 6, "excluded_lines": 0}, "missing_lines": [284, 290, 296, 297, 298, 301], "excluded_lines": []}, "sum_field": {"executed_lines": [], "summary": {"covered_lines": 0, "num_statements": 9, "percent_covered": 0.0, "percent_covered_display": "0", "missing_lines": 9, "excluded_lines": 0}, "missing_lines": [308, 309, 310, 311, 312, 313, 314, 315, 316], "excluded_lines": []}, "group_by_field": {"executed_lines": [323, 325, 326, 327, 328, 329, 330, 331], "summary": {"covered_lines": 8, "num_statements": 9, "percent_covered": 88.88888888888889, "percent_covered_display": "89", "missing_lines": 1, "excluded_lines": 0}, "missing_lines": [324], "excluded_lines": []}, "find_max_group": {"executed_lines": [335, 337], "summary": {"covered_lines": 2, "num_statements": 3, "percent_covered": 66.66666666666667, "percent_covered_display": "67", "missing_lines": 1, "excluded_lines": 0}, "missing_lines": [336], "excluded_lines": []}, "detect_aggregation_type": {"executed_lines": [341, 342, 343, 344, 345, 346, 347, 348, 349, 350, 352, 353], "summary": {"covered_lines": 12, "num_statements": 20, "percent_covered": 60.0, "percent_covered_display": "60", "missing_lines": 8, "excluded_lines": 0}, "missing_lines": [351, 354, 355, 356, 357, 358, 359, 360], "excluded_lines": []}, "_is_comparison_query": {"executed_lines": [364, 365, 366, 368, 370], "summary": {"covered_lines": 5, "num_statements": 7, "percent_covered": 71.42857142857143, "percent_covered_display": "71", "missing_lines": 2, "excluded_lines": 0}, "missing_lines": [367, 369], "excluded_lines": []}, "_is_range_query": {"executed_lines": [375, 377, 379, 380, 381, 383, 385], "summary": {"covered_lines": 7, "num_statements": 11, "percent_covered": 63.63636363636363, "percent_covered_display": "64", "missing_lines": 4, "excluded_lines": 0}, "missing_lines": [376, 378, 382, 384], "excluded_lines": []}, "_infer_entity_type": {"executed_lines": [393, 395, 397, 399, 400, 401, 402], "summary": {"covered_lines": 7, "num_statements": 13, "percent_covered": 53.84615384615385, "percent_covered_display": "54", "missing_lines": 6, "excluded_lines": 0}, "missing_lines": [394, 396, 398, 403, 404, 405], "excluded_lines": []}, "_count_unique_curve_mnemonics": {"executed_lines": [409, 410, 414, 415, 416, 418, 419, 421, 422, 423, 424, 425], "summary": {"covered_lines": 12, "num_statements": 16, "percent_covered": 75.0, "percent_covered_display": "75", "missing_lines": 4, "excluded_lines": 0}, "missing_lines": [411, 412, 417, 420], "excluded_lines": []}, "_handle_count": {"executed_lines": [429, 430, 431, 433, 438, 439, 440, 441, 442, 444, 445, 446, 447, 449, 450, 451, 455, 456, 457, 458], "summary": {"covered_lines": 20, "num_statements": 24, "percent_covered": 83.33333333333333, "percent_covered_display": "83", "missing_lines": 4, "excluded_lines": 0}, "missing_lines": [434, 435, 436, 453], "excluded_lines": []}, "_resolve_field": {"executed_lines": [], "summary": {"covered_lines": 0, "num_statements": 2, "percent_covered": 0.0, "percent_covered_display": "0", "missing_lines": 2, "excluded_lines": 0}, "missing_lines": [462, 463], "excluded_lines": []}, "_handle_list_like": {"executed_lines": [], "summary": {"covered_lines": 0, "num_statements": 10, "percent_covered": 0.0, "percent_covered_display": "0", "missing_lines": 10, "excluded_lines": 0}, "missing_lines": [467, 468, 469, 471, 472, 473, 474, 475, 476, 477], "excluded_lines": []}, "_handle_sum": {"executed_lines": [], "summary": {"covered_lines": 0, "num_statements": 8, "percent_covered": 0.0, "percent_covered_display": "0", "missing_lines": 8, "excluded_lines": 0}, "missing_lines": [480, 481, 482, 483, 484, 485, 486, 487], "excluded_lines": []}, "_handle_range": {"executed_lines": [496, 497, 498, 499, 504, 506, 509, 510, 511, 512, 513, 514, 515, 518, 519, 520, 521, 522, 523, 525, 528, 529, 530, 532, 534, 535, 536, 537, 538, 539, 540, 543], "summary": {"covered_lines": 32, "num_statements": 40, "percent_covered": 80.0, "percent_covered_display": "80", "missing_lines": 8, "excluded_lines": 0}, "missing_lines": [500, 501, 502, 503, 505, 507, 516, 542], "excluded_lines": []}, "_handle_range._format_number": {"executed_lines": [526], "summary": {"covered_lines": 1, "num_statements": 1, "percent_covered": 100.0, "percent_covered_display": "100", "missing_lines": 0, "excluded_lines": 0}, "missing_lines": [], "excluded_lines": []}, "_handle_extreme": {"executed_lines": [547, 548, 549, 552, 554, 555, 556, 558, 559, 560, 561, 563, 564], "summary": {"covered_lines": 13, "num_statements": 15, "percent_covered": 86.66666666666667, "percent_covered_display": "87", "missing_lines": 2, "excluded_lines": 0}, "missing_lines": [551, 553], "excluded_lines": []}, "_infer_comparison_field": {"executed_lines": [568, 569], "summary": {"covered_lines": 2, "num_statements": 9, "percent_covered": 22.22222222222222, "percent_covered_display": "22", "missing_lines": 7, "excluded_lines": 0}, "missing_lines": [570, 571, 572, 573, 574, 575, 576], "excluded_lines": []}, "_handle_comparison": {"executed_lines": [580, 582, 583, 587, 588, 590, 591, 592, 593, 595, 596, 599], "summary": {"covered_lines": 12, "num_statements": 15, "percent_covered": 80.0, "percent_covered_display": "80", "missing_lines": 3, "excluded_lines": 0}, "missing_lines": [584, 585, 598], "excluded_lines": []}, "handle_aggregation_query": {"executed_lines": [619, 620, 623, 624, 627, 628, 629, 630, 632, 638, 641, 644, 645, 647, 649, 650, 651, 653], "summary": {"covered_lines": 18, "num_statements": 23, "percent_covered": 78.26086956521739, "percent_covered_display": "78", "missing_lines": 5, "excluded_lines": 0}, "missing_lines": [621, 625, 639, 642, 646], "excluded_lines": []}, "extract_belongs_to_well": {"executed_lines": [], "summary": {"covered_lines": 0, "num_statements": 8, "percent_covered": 0.0, "percent_covered_display": "0", "missing_lines": 8, "excluded_lines": 0}, "missing_lines": [664, 665, 666, 668, 669, 670, 671, 672], "excluded_lines": []}, "group_curves_per_well": {"executed_lines": [], "summary": {"covered_lines": 0, "num_statements": 9, "percent_covered": 0.0, "percent_covered_display": "0", "missing_lines": 9, "excluded_lines": 0}, "missing_lines": [676, 677, 678, 679, 680, 681, 682, 683, 684], "excluded_lines": []}, "summarize_per_well_counts": {"executed_lines": [], "summary": {"covered_lines": 0, "num_statements": 5, "percent_covered": 0.0, "percent_covered_display": "0", "missing_lines": 5, "excluded_lines": 0}, "missing_lines": [688, 689, 690, 691, 692], "excluded_lines": []}, "handle_relationship_aware_aggregation": {"executed_lines": [], "summary": {"covered_lines": 0, "num_statements": 10, "percent_covered": 0.0, "percent_covered_display": "0", "missing_lines": 10, "excluded_lines": 0}, "missing_lines": [701, 703, 704, 706, 711, 718, 719, 720, 721, 727], "excluded_lines": []}, "format_aggregation_for_llm": {"executed_lines": [], "summary": {"covered_lines": 0, "num_statements": 29, "percent_covered": 0.0, "percent_covered_display": "0", "missing_lines": 29, "excluded_lines": 0}, "missing_lines": [739, 740, 742, 743, 745, 746, 747, 748, 750, 751, 752, 753, 754, 756, 757, 758, 760, 761, 762, 763, 764, 766, 767, 768, 769, 770, 771, 773, 775], "excluded_lines": []}, "": {"executed_lines": [1, 2, 3, 4, 5, 8, 17, 31, 67, 68, 70, 79, 92, 111, 121, 130, 135, 145, 163, 228, 239, 254, 279, 304, 319, 334, 340, 363, 374, 389, 392, 408, 428, 461, 466, 479, 490, 546, 567, 579, 602, 614, 658, 675, 687, 700, 730], "summary": {"covered_lines": 46, "num_statements": 46, "percent_covered": 100.0, "percent_covered_display": "100", "missing_lines": 0, "excluded_lines": 0}, "missing_lines": [], "excluded_lines": []}}, "classes": {"": {"executed_lines": [1, 2, 3, 4, 5, 8, 9, 10, 11, 12, 13, 17, 18, 19, 31, 67, 68, 70, 79, 80, 81, 82, 84, 85, 86, 90, 92, 111, 112, 113, 114, 115, 119, 121, 130, 131, 133, 135, 136, 137, 138, 139, 140, 141, 143, 145, 163, 165, 168, 169, 170, 171, 172, 173, 174, 176, 177, 178, 179, 180, 183, 185, 186, 187, 190, 191, 192, 193, 194, 195, 196, 228, 239, 254, 258, 260, 261, 262, 263, 264, 266, 267, 268, 269, 270, 274, 275, 279, 283, 285, 286, 287, 288, 289, 291, 292, 293, 294, 295, 299, 300, 304, 319, 323, 325, 326, 327, 328, 329, 330, 331, 334, 335, 337, 340, 341, 342, 343, 344, 345, 346, 347, 348, 349, 350, 352, 353, 363, 364, 365, 366, 368, 370, 374, 375, 377, 379, 380, 381, 383, 385, 389, 392, 393, 395, 397, 399, 400, 401, 402, 408, 409, 410, 414, 415, 416, 418, 419, 421, 422, 423, 424, 425, 428, 429, 430, 431, 433, 438, 439, 440, 441, 442, 444, 445, 446, 447, 449, 450, 451, 455, 456, 457, 458, 461, 466, 479, 490, 496, 497, 498, 499, 504, 506, 509, 510, 511, 512, 513, 514, 515, 518, 519, 520, 521, 522, 523, 525, 526, 528, 529, 530, 532, 534, 535, 536, 537, 538, 539, 540, 543, 546, 547, 548, 549, 552, 554, 555, 556, 558, 559, 560, 561, 563, 564, 567, 568, 569, 579, 580, 582, 583, 587, 588, 590, 591, 592, 593, 595, 596, 599, 602, 614, 619, 620, 623, 624, 627, 628, 629, 630, 632, 638, 641, 644, 645, 647, 649, 650, 651, 653, 658, 675, 687, 700, 730], "summary": {"covered_lines": 275, "num_statements": 514, "percent_covered": 53.50194552529183, "percent_covered_display": "54", "missing_lines": 239, "excluded_lines": 0}, "missing_lines": [14, 20, 21, 22, 23, 24, 25, 26, 27, 28, 83, 87, 88, 89, 93, 94, 95, 96, 97, 98, 99, 100, 101, 102, 103, 104, 105, 106, 107, 108, 109, 116, 117, 118, 122, 123, 124, 125, 126, 127, 128, 132, 142, 146, 147, 148, 149, 150, 151, 152, 153, 154, 155, 156, 157, 158, 159, 166, 175, 181, 188, 198, 217, 218, 219, 220, 221, 222, 224, 232, 233, 234, 235, 236, 244, 245, 246, 247, 248, 249, 250, 251, 259, 265, 271, 272, 273, 276, 284, 290, 296, 297, 298, 301, 308, 309, 310, 311, 312, 313, 314, 315, 316, 324, 336, 351, 354, 355, 356, 357, 358, 359, 360, 367, 369, 376, 378, 382, 384, 394, 396, 398, 403, 404, 405, 411, 412, 417, 420, 434, 435, 436, 453, 462, 463, 467, 468, 469, 471, 472, 473, 474, 475, 476, 477, 480, 481, 482, 483, 484, 485, 486, 487, 500, 501, 502, 503, 505, 507, 516, 542, 551, 553, 570, 571, 572, 573, 574, 575, 576, 584, 585, 598, 621, 625, 639, 642, 646, 664, 665, 666, 668, 669, 670, 671, 672, 676, 677, 678, 679, 680, 681, 682, 683, 684, 688, 689, 690, 691, 692, 701, 703, 704, 706, 711, 718, 719, 720, 721, 727, 739, 740, 742, 743, 745, 746, 747, 748, 750, 751, 752, 753, 754, 756, 757, 758, 760, 761, 762, 763, 764, 766, 767, 768, 769, 770, 771, 773, 775], "excluded_lines": []}}}, "services\\langgraph\\attribute_extraction.py": {"executed_lines": [1, 2, 4, 5, 7, 20, 21, 23, 30, 37, 44, 83, 104, 126, 146, 150, 163, 186, 195, 266], "summary": {"covered_lines": 19, "num_statements": 150, "percent_covered": 12.666666666666666, "percent_covered_display": "13", "missing_lines": 131, "excluded_lines": 0}, "missing_lines": [38, 39, 40, 41, 45, 46, 61, 62, 63, 64, 71, 72, 80, 84, 85, 86, 87, 88, 90, 91, 92, 93, 94, 96, 97, 98, 99, 101, 105, 106, 107, 108, 109, 110, 111, 112, 113, 114, 115, 116, 117, 118, 119, 120, 121, 122, 123, 127, 128, 129, 131, 132, 133, 135, 136, 137, 139, 140, 141, 143, 147, 151, 152, 153, 154, 155, 156, 157, 158, 159, 160, 164, 165, 166, 167, 168, 169, 170, 171, 172, 173, 174, 175, 176, 177, 178, 179, 180, 181, 182, 183, 187, 188, 189, 190, 191, 192, 214, 224, 227, 228, 229, 230, 231, 234, 235, 236, 237, 240, 241, 242, 243, 246, 247, 248, 251, 252, 253, 254, 257, 258, 259, 260, 263, 267, 268, 270, 271, 272, 274, 275], "excluded_lines": [], "functions": {"_format_attribute_value": {"executed_lines": [], "summary": {"covered_lines": 0, "num_statements": 4, "percent_covered": 0.0, "percent_covered_display": "0", "missing_lines": 4, "excluded_lines": 0}, "missing_lines": [38, 39, 40, 41], "excluded_lines": []}, "detect_attribute_query": {"executed_lines": [], "summary": {"covered_lines": 0, "num_statements": 9, "percent_covered": 0.0, "percent_covered_display": "0", "missing_lines": 9, "excluded_lines": 0}, "missing_lines": [45, 46, 61, 62, 63, 64, 71, 72, 80], "excluded_lines": []}, "extract_from_attributes_section": {"executed_lines": [], "summary": {"covered_lines": 0, "num_statements": 15, "percent_covered": 0.0, "percent_covered_display": "0", "missing_lines": 15, "excluded_lines": 0}, "missing_lines": [84, 85, 86, 87, 88, 90, 91, 92, 93, 94, 96, 97, 98, 99, 101], "excluded_lines": []}, "extract_temporal_from_text": {"executed_lines": [], "summary": {"covered_lines": 0, "num_statements": 19, "percent_covered": 0.0, "percent_covered_display": "0", "missing_lines": 19, "excluded_lines": 0}, "missing_lines": [105, 106, 107, 108, 109, 110, 111, 112, 113, 114, 115, 116, 117, 118, 119, 120, 121, 122, 123], "excluded_lines": []}, "extract_location_from_text": {"executed_lines": [], "summary": {"covered_lines": 0, "num_statements": 13, "percent_covered": 0.0, "percent_covered_display": "0", "missing_lines": 13, "excluded_lines": 0}, "missing_lines": [127, 128, 129, 131, 132, 133, 135, 136, 137, 139, 140, 141, 143], "excluded_lines": []}, "_normalize_state": {"executed_lines": [], "summary": {"covered_lines": 0, "num_statements": 1, "percent_covered": 0.0, "percent_covered_display": "0", "missing_lines": 1, "excluded_lines": 0}, "missing_lines": [147], "excluded_lines": []}, "extract_state_from_location": {"executed_lines": [], "summary": {"covered_lines": 0, "num_statements": 10, "percent_covered": 0.0, "percent_covered_display": "0", "missing_lines": 10, "excluded_lines": 0}, "missing_lines": [151, 152, 153, 154, 155, 156, 157, 158, 159, 160], "excluded_lines": []}, "extract_city_from_location": {"executed_lines": [], "summary": {"covered_lines": 0, "num_statements": 20, "percent_covered": 0.0, "percent_covered_display": "0", "missing_lines": 20, "excluded_lines": 0}, "missing_lines": [164, 165, 166, 167, 168, 169, 170, 171, 172, 173, 174, 175, 176, 177, 178, 179, 180, 181, 182, 183], "excluded_lines": []}, "extract_multiple_values": {"executed_lines": [], "summary": {"covered_lines": 0, "num_statements": 6, "percent_covered": 0.0, "percent_covered_display": "0", "missing_lines": 6, "excluded_lines": 0}, "missing_lines": [187, 188, 189, 190, 191, 192], "excluded_lines": []}, "structured_extraction_answer": {"executed_lines": [], "summary": {"covered_lines": 0, "num_statements": 27, "percent_covered": 0.0, "percent_covered_display": "0", "missing_lines": 27, "excluded_lines": 0}, "missing_lines": [214, 224, 227, 228, 229, 230, 231, 234, 235, 236, 237, 240, 241, 242, 243, 246, 247, 248, 251, 252, 253, 254, 257, 258, 259, 260, 263], "excluded_lines": []}, "should_use_structured_extraction": {"executed_lines": [], "summary": {"covered_lines": 0, "num_statements": 7, "percent_covered": 0.0, "percent_covered_display": "0", "missing_lines": 7, "excluded_lines": 0}, "missing_lines": [267, 268, 270, 271, 272, 274, 275], "excluded_lines": []}, "": {"executed_lines": [1, 2, 4, 5, 7, 20, 21, 23, 30, 37, 44, 83, 104, 126, 146, 150, 163, 186, 195, 266], "summary": {"covered_lines": 19, "num_statements": 19, "percent_covered": 100.0, "percent_covered_display": "100", "missing_lines": 0, "excluded_lines": 0}, "missing_lines": [], "excluded_lines": []}}, "classes": {"": {"executed_lines": [1, 2, 4, 5, 7, 20, 21, 23, 30, 37, 44, 83, 104, 126, 146, 150, 163, 186, 195, 266], "summary": {"covered_lines": 19, "num_statements": 150, "percent_covered": 12.666666666666666, "percent_covered_display": "13", "missing_lines": 131, "excluded_lines": 0}, "missing_lines": [38, 39, 40, 41, 45, 46, 61, 62, 63, 64, 71, 72, 80, 84, 85, 86, 87, 88, 90, 91, 92, 93, 94, 96, 97, 98, 99, 101, 105, 106, 107, 108, 109, 110, 111, 112, 113, 114, 115, 116, 117, 118, 119, 120, 121, 122, 123, 127, 128, 129, 131, 132, 133, 135, 136, 137, 139, 140, 141, 143, 147, 151, 152, 153, 154, 155, 156, 157, 158, 159, 160, 164, 165, 166, 167, 168, 169, 170, 171, 172, 173, 174, 175, 176, 177, 178, 179, 180, 181, 182, 183, 187, 188, 189, 190, 191, 192, 214, 224, 227, 228, 229, 230, 231, 234, 235, 236, 237, 240, 241, 242, 243, 246, 247, 248, 251, 252, 253, 254, 257, 258, 259, 260, 263, 267, 268, 270, 271, 272, 274, 275], "excluded_lines": []}}}, "services\\langgraph\\domain_maps.py": {"executed_lines": [1, 2, 4, 7, 11, 15, 19, 24, 26, 28, 29, 31, 32, 33], "summary": {"covered_lines": 13, "num_statements": 15, "percent_covered": 86.66666666666667, "percent_covered_display": "87", "missing_lines": 2, "excluded_lines": 0}, "missing_lines": [27, 30], "excluded_lines": [], "functions": {"is_standard_mnemonic": {"executed_lines": [26, 28, 29, 31, 32, 33], "summary": {"covered_lines": 6, "num_statements": 8, "percent_covered": 75.0, "percent_covered_display": "75", "missing_lines": 2, "excluded_lines": 0}, "missing_lines": [27, 30], "excluded_lines": []}, "": {"executed_lines": [1, 2, 4, 7, 11, 15, 19, 24], "summary": {"covered_lines": 7, "num_statements": 7, "percent_covered": 100.0, "percent_covered_display": "100", "missing_lines": 0, "excluded_lines": 0}, "missing_lines": [], "excluded_lines": []}}, "classes": {"": {"executed_lines": [1, 2, 4, 7, 11, 15, 19, 24, 26, 28, 29, 31, 32, 33], "summary": {"covered_lines": 13, "num_statements": 15, "percent_covered": 86.66666666666667, "percent_covered_display": "87", "missing_lines": 2, "excluded_lines": 0}, "missing_lines": [27, 30], "excluded_lines": []}}}, "services\\langgraph\\domain_rules.py": {"executed_lines": [1, 9, 11, 14, 19, 25, 31, 37, 46, 57, 63], "summary": {"covered_lines": 10, "num_statements": 36, "percent_covered": 27.77777777777778, "percent_covered_display": "28", "missing_lines": 26, "excluded_lines": 0}, "missing_lines": [15, 16, 20, 21, 22, 26, 27, 28, 32, 33, 34, 38, 39, 43, 47, 48, 52, 58, 59, 60, 65, 73, 74, 75, 76, 77], "excluded_lines": [], "functions": {"_contains_any": {"executed_lines": [], "summary": {"covered_lines": 0, "num_statements": 2, "percent_covered": 0.0, "percent_covered_display": "0", "missing_lines": 2, "excluded_lines": 0}, "missing_lines": [15, 16], "excluded_lines": []}, "rule_nphi_purpose": {"executed_lines": [], "summary": {"covered_lines": 0, "num_statements": 3, "percent_covered": 0.0, "percent_covered_display": "0", "missing_lines": 3, "excluded_lines": 0}, "missing_lines": [20, 21, 22], "excluded_lines": []}, "rule_gr_purpose": {"executed_lines": [], "summary": {"covered_lines": 0, "num_statements": 3, "percent_covered": 0.0, "percent_covered_display": "0", "missing_lines": 3, "excluded_lines": 0}, "missing_lines": [26, 27, 28], "excluded_lines": []}, "rule_rhob_purpose": {"executed_lines": [], "summary": {"covered_lines": 0, "num_statements": 3, "percent_covered": 0.0, "percent_covered_display": "0", "missing_lines": 3, "excluded_lines": 0}, "missing_lines": [32, 33, 34], "excluded_lines": []}, "rule_neutron_density_crossover": {"executed_lines": [], "summary": {"covered_lines": 0, "num_statements": 3, "percent_covered": 0.0, "percent_covered_display": "0", "missing_lines": 3, "excluded_lines": 0}, "missing_lines": [38, 39, 43], "excluded_lines": []}, "rule_gas_bearing_detection": {"executed_lines": [], "summary": {"covered_lines": 0, "num_statements": 3, "percent_covered": 0.0, "percent_covered_display": "0", "missing_lines": 3, "excluded_lines": 0}, "missing_lines": [47, 48, 52], "excluded_lines": []}, "rule_lithology_tools": {"executed_lines": [], "summary": {"covered_lines": 0, "num_statements": 3, "percent_covered": 0.0, "percent_covered_display": "0", "missing_lines": 3, "excluded_lines": 0}, "missing_lines": [58, 59, 60], "excluded_lines": []}, "apply_domain_rules": {"executed_lines": [], "summary": {"covered_lines": 0, "num_statements": 6, "percent_covered": 0.0, "percent_covered_display": "0", "missing_lines": 6, "excluded_lines": 0}, "missing_lines": [65, 73, 74, 75, 76, 77], "excluded_lines": []}, "": {"executed_lines": [1, 9, 11, 14, 19, 25, 31, 37, 46, 57, 63], "summary": {"covered_lines": 10, "num_statements": 10, "percent_covered": 100.0, "percent_covered_display": "100", "missing_lines": 0, "excluded_lines": 0}, "missing_lines": [], "excluded_lines": []}}, "classes": {"": {"executed_lines": [1, 9, 11, 14, 19, 25, 31, 37, 46, 57, 63], "summary": {"covered_lines": 10, "num_statements": 36, "percent_covered": 27.77777777777778, "percent_covered_display": "28", "missing_lines": 26, "excluded_lines": 0}, "missing_lines": [15, 16, 20, 21, 22, 26, 27, 28, 32, 33, 34, 38, 39, 43, 47, 48, 52, 58, 59, 60, 65, 73, 74, 75, 76, 77], "excluded_lines": []}}}, "services\\langgraph\\query_expansion.py": {"executed_lines": [1, 8, 9, 13, 24, 49, 102, 124], "summary": {"covered_lines": 7, "num_statements": 35, "percent_covered": 20.0, "percent_covered_display": "20", "missing_lines": 28, "excluded_lines": 0}, "missing_lines": [33, 34, 37, 40, 41, 43, 46, 61, 63, 80, 81, 88, 91, 94, 96, 98, 99, 112, 118, 119, 121, 138, 141, 142, 145, 146, 149, 155], "excluded_lines": [], "functions": {"expand_query_with_synonyms": {"executed_lines": [], "summary": {"covered_lines": 0, "num_statements": 7, "percent_covered": 0.0, "percent_covered_display": "0", "missing_lines": 7, "excluded_lines": 0}, "missing_lines": [33, 34, 37, 40, 41, 43, 46], "excluded_lines": []}, "llm_based_query_expansion": {"executed_lines": [], "summary": {"covered_lines": 0, "num_statements": 10, "percent_covered": 0.0, "percent_covered_display": "0", "missing_lines": 10, "excluded_lines": 0}, "missing_lines": [61, 63, 80, 81, 88, 91, 94, 96, 98, 99], "excluded_lines": []}, "expand_query_hybrid": {"executed_lines": [], "summary": {"covered_lines": 0, "num_statements": 4, "percent_covered": 0.0, "percent_covered_display": "0", "missing_lines": 4, "excluded_lines": 0}, "missing_lines": [112, 118, 119, 121], "excluded_lines": []}, "should_expand_query": {"executed_lines": [], "summary": {"covered_lines": 0, "num_statements": 7, "percent_covered": 0.0, "percent_covered_display": "0", "missing_lines": 7, "excluded_lines": 0}, "missing_lines": [138, 141, 142, 145, 146, 149, 155], "excluded_lines": []}, "": {"executed_lines": [1, 8, 9, 13, 24, 49, 102, 124], "summary": {"covered_lines": 7, "num_statements": 7, "percent_covered": 100.0, "percent_covered_display": "100", "missing_lines": 0, "excluded_lines": 0}, "missing_lines": [], "excluded_lines": []}}, "classes": {"": {"executed_lines": [1, 8, 9, 13, 24, 49, 102, 124], "summary": {"covered_lines": 7, "num_statements": 35, "percent_covered": 20.0, "percent_covered_display": "20", "missing_lines": 28, "excluded_lines": 0}, "missing_lines": [33, 34, 37, 40, 41, 43, 46, 61, 63, 80, 81, 88, 91, 94, 96, 98, 99, 112, 118, 119, 121, 138, 141, 142, 145, 146, 149, 155], "excluded_lines": []}}}, "services\\langgraph\\reranker.py": {"executed_lines": [1, 2, 3, 6, 18], "summary": {"covered_lines": 4, "num_statements": 22, "percent_covered": 18.181818181818183, "percent_covered_display": "18", "missing_lines": 18, "excluded_lines": 0}, "missing_lines": [8, 9, 11, 12, 14, 15, 38, 39, 41, 42, 44, 46, 49, 50, 53, 55, 58, 61], "excluded_lines": [], "functions": {"compute_keyword_score": {"executed_lines": [], "summary": {"covered_lines": 0, "num_statements": 6, "percent_covered": 0.0, "percent_covered_display": "0", "missing_lines": 6, "excluded_lines": 0}, "missing_lines": [8, 9, 11, 12, 14, 15], "excluded_lines": []}, "rerank_results": {"executed_lines": [], "summary": {"covered_lines": 0, "num_statements": 12, "percent_covered": 0.0, "percent_covered_display": "0", "missing_lines": 12, "excluded_lines": 0}, "missing_lines": [38, 39, 41, 42, 44, 46, 49, 50, 53, 55, 58, 61], "excluded_lines": []}, "": {"executed_lines": [1, 2, 3, 6, 18], "summary": {"covered_lines": 4, "num_statements": 4, "percent_covered": 100.0, "percent_covered_display": "100", "missing_lines": 0, "excluded_lines": 0}, "missing_lines": [], "excluded_lines": []}}, "classes": {"": {"executed_lines": [1, 2, 3, 6, 18], "summary": {"covered_lines": 4, "num_statements": 22, "percent_covered": 18.181818181818183, "percent_covered_display": "18", "missing_lines": 18, "excluded_lines": 0}, "missing_lines": [8, 9, 11, 12, 14, 15, 38, 39, 41, 42, 44, 46, 49, 50, 53, 55, 58, 61], "excluded_lines": []}}}, "services\\langgraph\\scope_detection.py": {"executed_lines": [1, 8, 9, 13, 33, 41, 92, 166, 196], "summary": {"covered_lines": 8, "num_statements": 60, "percent_covered": 13.333333333333334, "percent_covered_display": "13", "missing_lines": 52, "excluded_lines": 0}, "missing_lines": [50, 53, 54, 55, 56, 57, 59, 60, 69, 70, 71, 72, 73, 75, 76, 84, 103, 105, 125, 126, 133, 134, 141, 142, 143, 144, 145, 146, 147, 148, 149, 150, 151, 152, 154, 156, 158, 159, 177, 180, 181, 184, 185, 186, 189, 208, 209, 212, 213, 214, 215, 217], "excluded_lines": [], "functions": {"is_query_in_scope": {"executed_lines": [], "summary": {"covered_lines": 0, "num_statements": 16, "percent_covered": 0.0, "percent_covered_display": "0", "missing_lines": 16, "excluded_lines": 0}, "missing_lines": [50, 53, 54, 55, 56, 57, 59, 60, 69, 70, 71, 72, 73, 75, 76, 84], "excluded_lines": []}, "llm_scope_detection": {"executed_lines": [], "summary": {"covered_lines": 0, "num_statements": 22, "percent_covered": 0.0, "percent_covered_display": "0", "missing_lines": 22, "excluded_lines": 0}, "missing_lines": [103, 105, 125, 126, 133, 134, 141, 142, 143, 144, 145, 146, 147, 148, 149, 150, 151, 152, 154, 156, 158, 159], "excluded_lines": []}, "check_query_scope": {"executed_lines": [], "summary": {"covered_lines": 0, "num_statements": 7, "percent_covered": 0.0, "percent_covered_display": "0", "missing_lines": 7, "excluded_lines": 0}, "missing_lines": [177, 180, 181, 184, 185, 186, 189], "excluded_lines": []}, "generate_defusion_response": {"executed_lines": [], "summary": {"covered_lines": 0, "num_statements": 7, "percent_covered": 0.0, "percent_covered_display": "0", "missing_lines": 7, "excluded_lines": 0}, "missing_lines": [208, 209, 212, 213, 214, 215, 217], "excluded_lines": []}, "": {"executed_lines": [1, 8, 9, 13, 33, 41, 92, 166, 196], "summary": {"covered_lines": 8, "num_statements": 8, "percent_covered": 100.0, "percent_covered_display": "100", "missing_lines": 0, "excluded_lines": 0}, "missing_lines": [], "excluded_lines": []}}, "classes": {"": {"executed_lines": [1, 8, 9, 13, 33, 41, 92, 166, 196], "summary": {"covered_lines": 8, "num_statements": 60, "percent_covered": 13.333333333333334, "percent_covered_display": "13", "missing_lines": 52, "excluded_lines": 0}, "missing_lines": [50, 53, 54, 55, 56, 57, 59, 60, 69, 70, 71, 72, 73, 75, 76, 84, 103, 105, 125, 126, 133, 134, 141, 142, 143, 144, 145, 146, 147, 148, 149, 150, 151, 152, 154, 156, 158, 159, 177, 180, 181, 184, 185, 186, 189, 208, 209, 212, 213, 214, 215, 217], "excluded_lines": []}}}, "services\\langgraph\\state.py": {"executed_lines": [1, 3, 4, 7, 8, 9, 11, 12, 13, 14], "summary": {"covered_lines": 9, "num_statements": 9, "percent_covered": 100.0, "percent_covered_display": "100", "missing_lines": 0, "excluded_lines": 0}, "missing_lines": [], "excluded_lines": [], "functions": {"": {"executed_lines": [1, 3, 4, 7, 8, 9, 11, 12, 13, 14], "summary": {"covered_lines": 9, "num_statements": 9, "percent_covered": 100.0, "percent_covered_display": "100", "missing_lines": 0, "excluded_lines": 0}, "missing_lines": [], "excluded_lines": []}}, "classes": {"WorkflowState": {"executed_lines": [], "summary": {"covered_lines": 0, "num_statements": 0, "percent_covered": 100.0, "percent_covered_display": "100", "missing_lines": 0, "excluded_lines": 0}, "missing_lines": [], "excluded_lines": []}, "": {"executed_lines": [1, 3, 4, 7, 8, 9, 11, 12, 13, 14], "summary": {"covered_lines": 9, "num_statements": 9, "percent_covered": 100.0, "percent_covered_display": "100", "missing_lines": 0, "excluded_lines": 0}, "missing_lines": [], "excluded_lines": []}}}, "services\\langgraph\\well_query_handlers.py": {"executed_lines": [1, 7, 9, 11, 19, 23, 32, 40, 55, 56, 57, 82, 97, 98, 99, 130, 147, 148, 149, 171, 192, 195, 196, 197, 200, 201, 202, 203, 204, 205, 206, 207, 208, 210, 213, 214, 215, 217, 218, 219, 223, 224, 225, 226, 227, 228, 229, 232, 247, 248, 249, 251, 252, 254, 255, 264, 265, 269, 270, 272, 273, 275, 276, 277, 281, 282, 285, 304, 305, 306, 309, 310, 311, 312, 313, 314, 315, 316, 317, 322, 323, 324, 325, 326, 327, 330, 331, 332, 336, 337, 338, 339, 342, 355, 356, 358, 361, 364, 365, 366, 367, 368, 369, 372, 387, 388, 389, 403, 418, 421, 422, 423, 425, 426, 437, 452, 453, 454, 468, 485, 486, 487, 507, 520, 522, 523, 525, 526, 543, 556, 557, 558, 560, 561, 563, 564, 565, 566, 569, 582, 583, 584], "summary": {"covered_lines": 140, "num_statements": 254, "percent_covered": 55.118110236220474, "percent_covered_display": "55", "missing_lines": 114, "excluded_lines": 2}, "missing_lines": [59, 60, 61, 62, 63, 64, 65, 67, 70, 71, 72, 73, 75, 76, 77, 78, 79, 101, 102, 104, 105, 107, 108, 109, 113, 114, 119, 120, 121, 122, 126, 127, 151, 152, 153, 154, 155, 156, 157, 159, 160, 162, 163, 164, 165, 166, 167, 168, 198, 211, 220, 221, 260, 267, 319, 328, 357, 359, 362, 390, 391, 393, 394, 395, 397, 398, 399, 400, 428, 429, 430, 431, 432, 434, 455, 456, 458, 459, 460, 462, 463, 464, 465, 488, 489, 491, 492, 493, 495, 496, 497, 498, 500, 502, 503, 504, 528, 534, 535, 537, 538, 539, 540, 585, 586, 588, 589, 590, 592, 593, 594, 595, 596, 597], "excluded_lines": [19, 20], "functions": {"_build_curve_groups": {"executed_lines": [32], "summary": {"covered_lines": 1, "num_statements": 1, "percent_covered": 100.0, "percent_covered_display": "100", "missing_lines": 0, "excluded_lines": 0}, "missing_lines": [], "excluded_lines": []}, "handle_petrophysical_evaluation_query": {"executed_lines": [55, 56, 57], "summary": {"covered_lines": 3, "num_statements": 20, "percent_covered": 15.0, "percent_covered_display": "15", "missing_lines": 17, "excluded_lines": 0}, "missing_lines": [59, 60, 61, 62, 63, 64, 65, 67, 70, 71, 72, 73, 75, 76, 77, 78, 79], "excluded_lines": []}, "handle_hydrocarbon_identification_query": {"executed_lines": [97, 98, 99], "summary": {"covered_lines": 3, "num_statements": 18, "percent_covered": 16.666666666666668, "percent_covered_display": "17", "missing_lines": 15, "excluded_lines": 0}, "missing_lines": [101, 102, 104, 105, 107, 108, 109, 113, 114, 119, 120, 121, 122, 126, 127], "excluded_lines": []}, "handle_unit_filter_query": {"executed_lines": [147, 148, 149], "summary": {"covered_lines": 3, "num_statements": 19, "percent_covered": 15.789473684210526, "percent_covered_display": "16", "missing_lines": 16, "excluded_lines": 0}, "missing_lines": [151, 152, 153, 154, 155, 156, 157, 159, 160, 162, 163, 164, 165, 166, 167, 168], "excluded_lines": []}, "handle_log_suite_classification_query": {"executed_lines": [192, 195, 196, 197, 200, 201, 202, 203, 204, 205, 206, 207, 208, 210, 213, 214, 215, 217, 218, 219, 223, 224, 225, 226, 227, 228, 229], "summary": {"covered_lines": 27, "num_statements": 31, "percent_covered": 87.09677419354838, "percent_covered_display": "87", "missing_lines": 4, "excluded_lines": 0}, "missing_lines": [198, 211, 220, 221], "excluded_lines": []}, "handle_capability_matrix_query": {"executed_lines": [247, 248, 249, 251, 252, 254, 255, 264, 265, 269, 270, 272, 273, 275, 276, 277, 281, 282], "summary": {"covered_lines": 18, "num_statements": 20, "percent_covered": 90.0, "percent_covered_display": "90", "missing_lines": 2, "excluded_lines": 0}, "missing_lines": [260, 267], "excluded_lines": []}, "handle_geological_setting_query": {"executed_lines": [304, 305, 306, 309, 310, 311, 312, 313, 314, 315, 316, 317, 322, 323, 324, 325, 326, 327, 330, 331, 332, 336, 337, 338, 339], "summary": {"covered_lines": 25, "num_statements": 27, "percent_covered": 92.5925925925926, "percent_covered_display": "93", "missing_lines": 2, "excluded_lines": 0}, "missing_lines": [319, 328], "excluded_lines": []}, "handle_curve_listing_query": {"executed_lines": [355, 356, 358, 361, 364, 365, 366, 367, 368, 369], "summary": {"covered_lines": 10, "num_statements": 13, "percent_covered": 76.92307692307692, "percent_covered_display": "77", "missing_lines": 3, "excluded_lines": 0}, "missing_lines": [357, 359, 362], "excluded_lines": []}, "handle_depth_curves_query": {"executed_lines": [387, 388, 389], "summary": {"covered_lines": 3, "num_statements": 12, "percent_covered": 25.0, "percent_covered_display": "25", "missing_lines": 9, "excluded_lines": 0}, "missing_lines": [390, 391, 393, 394, 395, 397, 398, 399, 400], "excluded_lines": []}, "handle_gamma_ray_neutron_query": {"executed_lines": [418, 421, 422, 423, 425, 426], "summary": {"covered_lines": 6, "num_statements": 12, "percent_covered": 50.0, "percent_covered_display": "50", "missing_lines": 6, "excluded_lines": 0}, "missing_lines": [428, 429, 430, 431, 432, 434], "excluded_lines": []}, "handle_porosity_curves_query": {"executed_lines": [452, 453, 454], "summary": {"covered_lines": 3, "num_statements": 12, "percent_covered": 25.0, "percent_covered_display": "25", "missing_lines": 9, "excluded_lines": 0}, "missing_lines": [455, 456, 458, 459, 460, 462, 463, 464, 465], "excluded_lines": []}, "handle_resistivity_curves_query": {"executed_lines": [485, 486, 487], "summary": {"covered_lines": 3, "num_statements": 16, "percent_covered": 18.75, "percent_covered_display": "19", "missing_lines": 13, "excluded_lines": 0}, "missing_lines": [488, 489, 491, 492, 493, 495, 496, 497, 498, 500, 502, 503, 504], "excluded_lines": []}, "handle_curve_grouping_query": {"executed_lines": [520, 522, 523, 525, 526], "summary": {"covered_lines": 5, "num_statements": 12, "percent_covered": 41.666666666666664, "percent_covered_display": "42", "missing_lines": 7, "excluded_lines": 0}, "missing_lines": [528, 534, 535, 537, 538, 539, 540], "excluded_lines": []}, "handle_underscore_count_query": {"executed_lines": [556, 557, 558, 560, 561, 563, 564, 565, 566], "summary": {"covered_lines": 9, "num_statements": 9, "percent_covered": 100.0, "percent_covered_display": "100", "missing_lines": 0, "excluded_lines": 0}, "missing_lines": [], "excluded_lines": []}, "handle_triple_combo_exclusion_query": {"executed_lines": [582, 583, 584], "summary": {"covered_lines": 3, "num_statements": 14, "percent_covered": 21.428571428571427, "percent_covered_display": "21", "missing_lines": 11, "excluded_lines": 0}, "missing_lines": [585, 586, 588, 589, 590, 592, 593, 594, 595, 596, 597], "excluded_lines": []}, "": {"executed_lines": [1, 7, 9, 11, 19, 23, 40, 82, 130, 171, 232, 285, 342, 372, 403, 437, 468, 507, 543, 569], "summary": {"covered_lines": 18, "num_statements": 18, "percent_covered": 100.0, "percent_covered_display": "100", "missing_lines": 0, "excluded_lines": 2}, "missing_lines": [], "excluded_lines": [19, 20]}}, "classes": {"": {"executed_lines": [1, 7, 9, 11, 19, 23, 32, 40, 55, 56, 57, 82, 97, 98, 99, 130, 147, 148, 149, 171, 192, 195, 196, 197, 200, 201, 202, 203, 204, 205, 206, 207, 208, 210, 213, 214, 215, 217, 218, 219, 223, 224, 225, 226, 227, 228, 229, 232, 247, 248, 249, 251, 252, 254, 255, 264, 265, 269, 270, 272, 273, 275, 276, 277, 281, 282, 285, 304, 305, 306, 309, 310, 311, 312, 313, 314, 315, 316, 317, 322, 323, 324, 325, 326, 327, 330, 331, 332, 336, 337, 338, 339, 342, 355, 356, 358, 361, 364, 365, 366, 367, 368, 369, 372, 387, 388, 389, 403, 418, 421, 422, 423, 425, 426, 437, 452, 453, 454, 468, 485, 486, 487, 507, 520, 522, 523, 525, 526, 543, 556, 557, 558, 560, 561, 563, 564, 565, 566, 569, 582, 583, 584], "summary": {"covered_lines": 140, "num_statements": 254, "percent_covered": 55.118110236220474, "percent_covered_display": "55", "missing_lines": 114, "excluded_lines": 2}, "missing_lines": [59, 60, 61, 62, 63, 64, 65, 67, 70, 71, 72, 73, 75, 76, 77, 78, 79, 101, 102, 104, 105, 107, 108, 109, 113, 114, 119, 120, 121, 122, 126, 127, 151, 152, 153, 154, 155, 156, 157, 159, 160, 162, 163, 164, 165, 166, 167, 168, 198, 211, 220, 221, 260, 267, 319, 328, 357, 359, 362, 390, 391, 393, 394, 395, 397, 398, 399, 400, 428, 429, 430, 431, 432, 434, 455, 456, 458, 459, 460, 462, 463, 464, 465, 488, 489, 491, 492, 493, 495, 496, 497, 498, 500, 502, 503, 504, 528, 534, 535, 537, 538, 539, 540, 585, 586, 588, 589, 590, 592, 593, 594, 595, 596, 597], "excluded_lines": [19, 20]}}}, "services\\langgraph\\workflow.py": {"executed_lines": [1, 4, 5, 6, 7, 10, 11, 12, 13, 14, 15, 16, 17, 18, 20, 26, 27, 28, 33, 34, 41, 42, 44, 45, 46, 47, 48, 49, 52, 67, 75, 89, 111, 284, 292, 317, 319, 320, 321, 323, 324, 325, 326, 328, 329, 330, 331, 332, 333, 334, 335, 338, 344, 345, 346, 347, 348, 351, 352, 353, 354, 355, 356, 357, 358, 361, 362, 363, 364, 365, 366, 367, 377, 378, 380, 381, 383, 384, 385, 386, 389, 401, 417, 436, 437, 440, 441, 444, 449, 450, 453, 454, 455, 458, 459, 460, 461, 464, 481, 482, 483, 489, 511, 533, 664, 682, 717], "summary": {"covered_lines": 103, "num_statements": 420, "percent_covered": 24.523809523809526, "percent_covered_display": "25", "missing_lines": 317, "excluded_lines": 4}, "missing_lines": [54, 55, 56, 62, 63, 64, 68, 69, 70, 71, 72, 77, 78, 79, 80, 81, 82, 83, 84, 85, 86, 90, 91, 98, 99, 100, 101, 102, 103, 104, 105, 106, 107, 108, 129, 142, 143, 144, 145, 147, 148, 151, 152, 153, 155, 156, 157, 158, 159, 160, 163, 168, 169, 170, 171, 172, 174, 175, 176, 179, 180, 181, 182, 183, 189, 196, 197, 200, 201, 210, 211, 212, 213, 214, 215, 218, 219, 220, 221, 222, 225, 226, 227, 228, 229, 230, 231, 234, 235, 236, 237, 238, 239, 242, 243, 246, 247, 248, 249, 250, 253, 258, 259, 264, 269, 274, 276, 278, 279, 281, 285, 286, 287, 288, 289, 322, 340, 341, 368, 369, 370, 371, 372, 373, 379, 382, 390, 391, 392, 393, 394, 395, 396, 397, 398, 438, 485, 490, 491, 492, 493, 494, 495, 496, 497, 498, 499, 500, 501, 502, 503, 504, 505, 506, 507, 508, 512, 513, 514, 516, 517, 518, 519, 520, 521, 523, 524, 526, 527, 528, 530, 534, 535, 536, 537, 538, 539, 540, 541, 542, 543, 545, 547, 548, 549, 550, 551, 552, 553, 554, 555, 556, 557, 558, 559, 560, 561, 563, 564, 565, 566, 567, 568, 569, 570, 571, 572, 573, 574, 575, 576, 578, 579, 581, 582, 584, 585, 586, 587, 588, 589, 590, 591, 592, 593, 594, 595, 596, 597, 598, 599, 600, 601, 602, 603, 604, 605, 610, 611, 612, 613, 614, 615, 616, 617, 619, 620, 621, 622, 623, 624, 625, 626, 627, 628, 630, 631, 632, 633, 634, 636, 637, 638, 639, 641, 643, 644, 645, 647, 648, 649, 650, 651, 652, 653, 655, 656, 657, 658, 659, 660, 665, 666, 667, 668, 669, 670, 671, 672, 674, 675, 676, 677, 678, 679, 688, 689, 690, 691, 692, 693, 694, 695, 697, 698, 699, 700, 701, 702, 703, 704, 706, 708, 709, 710, 711, 713], "excluded_lines": [46, 47, 48, 49], "functions": {"_extract_critical_keywords": {"executed_lines": [], "summary": {"covered_lines": 0, "num_statements": 6, "percent_covered": 0.0, "percent_covered_display": "0", "missing_lines": 6, "excluded_lines": 0}, "missing_lines": [54, 55, 56, 62, 63, 64], "excluded_lines": []}, "_detect_well_id_filter": {"executed_lines": [], "summary": {"covered_lines": 0, "num_statements": 5, "percent_covered": 0.0, "percent_covered_display": "0", "missing_lines": 5, "excluded_lines": 0}, "missing_lines": [68, 69, 70, 71, 72], "excluded_lines": []}, "_normalize_unit2": {"executed_lines": [], "summary": {"covered_lines": 0, "num_statements": 10, "percent_covered": 0.0, "percent_covered_display": "0", "missing_lines": 10, "excluded_lines": 0}, "missing_lines": [77, 78, 79, 80, 81, 82, 83, 84, 85, 86], "excluded_lines": []}, "_detect_entity_filter": {"executed_lines": [], "summary": {"covered_lines": 0, "num_statements": 13, "percent_covered": 0.0, "percent_covered_display": "0", "missing_lines": 13, "excluded_lines": 0}, "missing_lines": [90, 91, 98, 99, 100, 101, 102, 103, 104, 105, 106, 107, 108], "excluded_lines": []}, "retrieval_step": {"executed_lines": [], "summary": {"covered_lines": 0, "num_statements": 76, "percent_covered": 0.0, "percent_covered_display": "0", "missing_lines": 76, "excluded_lines": 0}, "missing_lines": [129, 142, 143, 144, 145, 147, 148, 151, 152, 153, 155, 156, 157, 158, 159, 160, 163, 168, 169, 170, 171, 172, 174, 175, 176, 179, 180, 181, 182, 183, 189, 196, 197, 200, 201, 210, 211, 212, 213, 214, 215, 218, 219, 220, 221, 222, 225, 226, 227, 228, 229, 230, 231, 234, 235, 236, 237, 238, 239, 242, 243, 246, 247, 248, 249, 250, 253, 258, 259, 264, 269, 274, 276, 278, 279, 281], "excluded_lines": []}, "_format_prompt": {"executed_lines": [], "summary": {"covered_lines": 0, "num_statements": 5, "percent_covered": 0.0, "percent_covered_display": "0", "missing_lines": 5, "excluded_lines": 0}, "missing_lines": [285, 286, 287, 288, 289], "excluded_lines": []}, "_order_mnemonics": {"executed_lines": [319, 320, 321, 323, 324, 325, 326, 328, 329, 330, 331, 332, 333, 334, 335], "summary": {"covered_lines": 15, "num_statements": 16, "percent_covered": 93.75, "percent_covered_display": "94", "missing_lines": 1, "excluded_lines": 0}, "missing_lines": [322], "excluded_lines": []}, "_record_workflow_error": {"executed_lines": [], "summary": {"covered_lines": 0, "num_statements": 2, "percent_covered": 0.0, "percent_covered_display": "0", "missing_lines": 2, "excluded_lines": 0}, "missing_lines": [340, 341], "excluded_lines": []}, "_merge_provenance": {"executed_lines": [345, 346, 347, 348], "summary": {"covered_lines": 4, "num_statements": 4, "percent_covered": 100.0, "percent_covered_display": "100", "missing_lines": 0, "excluded_lines": 0}, "missing_lines": [], "excluded_lines": []}, "_collect_provenance_from_curves": {"executed_lines": [352, 353, 354, 355, 356, 357, 358], "summary": {"covered_lines": 7, "num_statements": 7, "percent_covered": 100.0, "percent_covered_display": "100", "missing_lines": 0, "excluded_lines": 0}, "missing_lines": [], "excluded_lines": []}, "_infer_basin_from_well_metadata": {"executed_lines": [362, 363, 364, 365, 366, 367], "summary": {"covered_lines": 6, "num_statements": 12, "percent_covered": 50.0, "percent_covered_display": "50", "missing_lines": 6, "excluded_lines": 0}, "missing_lines": [368, 369, 370, 371, 372, 373], "excluded_lines": []}, "_normalize_well_node_id": {"executed_lines": [378, 380, 381, 383, 384, 385, 386], "summary": {"covered_lines": 7, "num_statements": 9, "percent_covered": 77.77777777777777, "percent_covered_display": "78", "missing_lines": 2, "excluded_lines": 0}, "missing_lines": [379, 382], "excluded_lines": []}, "_find_curve_node_id_by_mnemonic": {"executed_lines": [], "summary": {"covered_lines": 0, "num_statements": 9, "percent_covered": 0.0, "percent_covered_display": "0", "missing_lines": 9, "excluded_lines": 0}, "missing_lines": [390, 391, 392, 393, 394, 395, 396, 397, 398], "excluded_lines": []}, "_handle_well_relationship_queries": {"executed_lines": [417, 436, 437, 440, 441, 444, 449, 450, 453, 454, 455, 458, 459, 460, 461, 464, 481, 482, 483], "summary": {"covered_lines": 19, "num_statements": 21, "percent_covered": 90.47619047619048, "percent_covered_display": "90", "missing_lines": 2, "excluded_lines": 0}, "missing_lines": [438, 485], "excluded_lines": []}, "_handle_curve_lookup": {"executed_lines": [], "summary": {"covered_lines": 0, "num_statements": 19, "percent_covered": 0.0, "percent_covered_display": "0", "missing_lines": 19, "excluded_lines": 0}, "missing_lines": [490, 491, 492, 493, 494, 495, 496, 497, 498, 499, 500, 501, 502, 503, 504, 505, 506, 507, 508], "excluded_lines": []}, "_handle_relationship_queries": {"executed_lines": [], "summary": {"covered_lines": 0, "num_statements": 15, "percent_covered": 0.0, "percent_covered_display": "0", "missing_lines": 15, "excluded_lines": 0}, "missing_lines": [512, 513, 514, 516, 517, 518, 519, 520, 521, 523, 524, 526, 527, 528, 530], "excluded_lines": []}, "reasoning_step": {"executed_lines": [], "summary": {"covered_lines": 0, "num_statements": 110, "percent_covered": 0.0, "percent_covered_display": "0", "missing_lines": 110, "excluded_lines": 0}, "missing_lines": [534, 535, 536, 537, 538, 539, 540, 541, 542, 543, 545, 547, 548, 549, 550, 551, 552, 553, 554, 555, 556, 557, 558, 559, 560, 561, 563, 564, 565, 566, 567, 568, 569, 570, 571, 572, 573, 574, 575, 576, 578, 579, 581, 582, 584, 585, 586, 587, 588, 589, 590, 591, 592, 593, 594, 595, 596, 597, 598, 599, 600, 601, 602, 603, 604, 605, 610, 611, 612, 613, 614, 615, 616, 617, 619, 620, 621, 622, 623, 624, 625, 626, 627, 628, 630, 631, 632, 633, 634, 636, 637, 638, 639, 641, 643, 644, 645, 647, 648, 649, 650, 651, 652, 653, 655, 656, 657, 658, 659, 660], "excluded_lines": []}, "embedding_step": {"executed_lines": [], "summary": {"covered_lines": 0, "num_statements": 14, "percent_covered": 0.0, "percent_covered_display": "0", "missing_lines": 14, "excluded_lines": 0}, "missing_lines": [665, 666, 667, 668, 669, 670, 671, 672, 674, 675, 676, 677, 678, 679], "excluded_lines": []}, "build_workflow": {"executed_lines": [], "summary": {"covered_lines": 0, "num_statements": 14, "percent_covered": 0.0, "percent_covered_display": "0", "missing_lines": 14, "excluded_lines": 0}, "missing_lines": [688, 689, 695, 697, 698, 699, 700, 701, 702, 703, 704, 706, 708, 713], "excluded_lines": []}, "build_workflow._runner": {"executed_lines": [], "summary": {"covered_lines": 0, "num_statements": 3, "percent_covered": 0.0, "percent_covered_display": "0", "missing_lines": 3, "excluded_lines": 0}, "missing_lines": [709, 710, 711], "excluded_lines": []}, "": {"executed_lines": [1, 4, 5, 6, 7, 10, 11, 12, 13, 14, 15, 16, 17, 18, 20, 26, 27, 28, 33, 34, 41, 42, 44, 45, 46, 47, 48, 49, 52, 67, 75, 89, 111, 284, 292, 317, 338, 344, 351, 361, 377, 389, 401, 489, 511, 533, 664, 682, 717], "summary": {"covered_lines": 45, "num_statements": 45, "percent_covered": 100.0, "percent_covered_display": "100", "missing_lines": 0, "excluded_lines": 4}, "missing_lines": [], "excluded_lines": [46, 47, 48, 49]}}, "classes": {"": {"executed_lines": [1, 4, 5, 6, 7, 10, 11, 12, 13, 14, 15, 16, 17, 18, 20, 26, 27, 28, 33, 34, 41, 42, 44, 45, 46, 47, 48, 49, 52, 67, 75, 89, 111, 284, 292, 317, 319, 320, 321, 323, 324, 325, 326, 328, 329, 330, 331, 332, 333, 334, 335, 338, 344, 345, 346, 347, 348, 351, 352, 353, 354, 355, 356, 357, 358, 361, 362, 363, 364, 365, 366, 367, 377, 378, 380, 381, 383, 384, 385, 386, 389, 401, 417, 436, 437, 440, 441, 444, 449, 450, 453, 454, 455, 458, 459, 460, 461, 464, 481, 482, 483, 489, 511, 533, 664, 682, 717], "summary": {"covered_lines": 103, "num_statements": 420, "percent_covered": 24.523809523809526, "percent_covered_display": "25", "missing_lines": 317, "excluded_lines": 4}, "missing_lines": [54, 55, 56, 62, 63, 64, 68, 69, 70, 71, 72, 77, 78, 79, 80, 81, 82, 83, 84, 85, 86, 90, 91, 98, 99, 100, 101, 102, 103, 104, 105, 106, 107, 108, 129, 142, 143, 144, 145, 147, 148, 151, 152, 153, 155, 156, 157, 158, 159, 160, 163, 168, 169, 170, 171, 172, 174, 175, 176, 179, 180, 181, 182, 183, 189, 196, 197, 200, 201, 210, 211, 212, 213, 214, 215, 218, 219, 220, 221, 222, 225, 226, 227, 228, 229, 230, 231, 234, 235, 236, 237, 238, 239, 242, 243, 246, 247, 248, 249, 250, 253, 258, 259, 264, 269, 274, 276, 278, 279, 281, 285, 286, 287, 288, 289, 322, 340, 341, 368, 369, 370, 371, 372, 373, 379, 382, 390, 391, 392, 393, 394, 395, 396, 397, 398, 438, 485, 490, 491, 492, 493, 494, 495, 496, 497, 498, 499, 500, 501, 502, 503, 504, 505, 506, 507, 508, 512, 513, 514, 516, 517, 518, 519, 520, 521, 523, 524, 526, 527, 528, 530, 534, 535, 536, 537, 538, 539, 540, 541, 542, 543, 545, 547, 548, 549, 550, 551, 552, 553, 554, 555, 556, 557, 558, 559, 560, 561, 563, 564, 565, 566, 567, 568, 569, 570, 571, 572, 573, 574, 575, 576, 578, 579, 581, 582, 584, 585, 586, 587, 588, 589, 590, 591, 592, 593, 594, 595, 596, 597, 598, 599, 600, 601, 602, 603, 604, 605, 610, 611, 612, 613, 614, 615, 616, 617, 619, 620, 621, 622, 623, 624, 625, 626, 627, 628, 630, 631, 632, 633, 634, 636, 637, 638, 639, 641, 643, 644, 645, 647, 648, 649, 650, 651, 652, 653, 655, 656, 657, 658, 659, 660, 665, 666, 667, 668, 669, 670, 671, 672, 674, 675, 676, 677, 678, 679, 688, 689, 690, 691, 692, 693, 694, 695, 697, 698, 699, 700, 701, 702, 703, 704, 706, 708, 709, 710, 711, 713], "excluded_lines": [46, 47, 48, 49]}}}}, "totals": {"covered_lines": 923, "num_statements": 2128, "percent_covered": 43.37406015037594, "percent_covered_display": "43", "missing_lines": 1205, "excluded_lines": 24}}